<?xml version="1.0" encoding="UTF-8" standalone="no"?>
<!DOCTYPE log SYSTEM "logger.dtd">
<log>
<record>
  <date>2020-07-28T17:30:45</date>
  <millis>1595937645252</millis>
  <sequence>0</sequence>
  <level>START</level>
  <class>com.kms.katalon.core.logging.XmlKeywordLogger</class>
  <method>startSuite</method>
  <thread>1</thread>
  <message>Start Test Suite : Test Suites/Pro_Acc</message>
  <nestedLevel>0</nestedLevel>
  <property name="name">Pro_Acc</property>
  <property name="description"></property>
  <property name="id">Test Suites/Pro_Acc</property>
  <property name="stopImmediately">false</property>
</record>
<record>
  <date>2020-07-28T17:30:45</date>
  <millis>1595937645273</millis>
  <sequence>1</sequence>
  <level>RUN_DATA</level>
  <class>com.kms.katalon.core.logging.XmlKeywordLogger</class>
  <method>logMessage</method>
  <thread>1</thread>
  <message>hostName = Group10 - Group10-PC</message>
  <nestedLevel>0</nestedLevel>
  <property name="hostName">Group10 - Group10-PC</property>
</record>
<record>
  <date>2020-07-28T17:30:45</date>
  <millis>1595937645273</millis>
  <sequence>2</sequence>
  <level>RUN_DATA</level>
  <class>com.kms.katalon.core.logging.XmlKeywordLogger</class>
  <method>logMessage</method>
  <thread>1</thread>
  <message>os = Windows 7 32bit</message>
  <nestedLevel>0</nestedLevel>
  <property name="os">Windows 7 32bit</property>
</record>
<record>
  <date>2020-07-28T17:30:45</date>
  <millis>1595937645274</millis>
  <sequence>3</sequence>
  <level>RUN_DATA</level>
  <class>com.kms.katalon.core.logging.XmlKeywordLogger</class>
  <method>logMessage</method>
  <thread>1</thread>
  <message>hostAddress = 192.168.43.206</message>
  <nestedLevel>0</nestedLevel>
  <property name="hostAddress">192.168.43.206</property>
</record>
<record>
  <date>2020-07-28T17:30:45</date>
  <millis>1595937645275</millis>
  <sequence>4</sequence>
  <level>RUN_DATA</level>
  <class>com.kms.katalon.core.logging.XmlKeywordLogger</class>
  <method>logMessage</method>
  <thread>1</thread>
  <message>katalonVersion = 7.6.1.205</message>
  <nestedLevel>0</nestedLevel>
  <property name="katalonVersion">7.6.1.205</property>
</record>
<record>
  <date>2020-07-28T17:30:45</date>
  <millis>1595937645300</millis>
  <sequence>5</sequence>
  <level>START</level>
  <class>com.kms.katalon.core.logging.XmlKeywordLogger</class>
  <method>startKeyword</method>
  <thread>1</thread>
  <message>Start listener action : sampleBeforeTestSuite</message>
  <nestedLevel>0</nestedLevel>
</record>
<record>
  <date>2020-07-28T17:30:45</date>
  <millis>1595937645311</millis>
  <sequence>7</sequence>
  <level>START</level>
  <class>com.kms.katalon.core.logging.XmlKeywordLogger</class>
  <method>startKeyword</method>
  <thread>1</thread>
  <message>Start action : println(testSuiteContext.getTestSuiteId())</message>
  <nestedLevel>1</nestedLevel>
  <property name="startLine">69</property>
  <property name="stepIndex">1</property>
</record>
<record>
  <date>2020-07-28T17:30:45</date>
  <millis>1595937645325</millis>
  <sequence>8</sequence>
  <level>END</level>
  <class>com.kms.katalon.core.logging.XmlKeywordLogger</class>
  <method>endKeyword</method>
  <thread>1</thread>
  <message>End action : println(testSuiteContext.getTestSuiteId())</message>
  <nestedLevel>1</nestedLevel>
</record>
<record>
  <date>2020-07-28T17:30:45</date>
  <millis>1595937645325</millis>
  <sequence>9</sequence>
  <level>START</level>
  <class>com.kms.katalon.core.logging.XmlKeywordLogger</class>
  <method>startKeyword</method>
  <thread>1</thread>
  <message>Start action : date = new java.util.Date()</message>
  <nestedLevel>1</nestedLevel>
  <property name="startLine">70</property>
  <property name="stepIndex">2</property>
</record>
<record>
  <date>2020-07-28T17:30:45</date>
  <millis>1595937645331</millis>
  <sequence>10</sequence>
  <level>END</level>
  <class>com.kms.katalon.core.logging.XmlKeywordLogger</class>
  <method>endKeyword</method>
  <thread>1</thread>
  <message>End action : date = new java.util.Date()</message>
  <nestedLevel>1</nestedLevel>
</record>
<record>
  <date>2020-07-28T17:30:45</date>
  <millis>1595937645331</millis>
  <sequence>11</sequence>
  <level>START</level>
  <class>com.kms.katalon.core.logging.XmlKeywordLogger</class>
  <method>startKeyword</method>
  <thread>1</thread>
  <message>Start action : dateFormat = new java.text.SimpleDateFormat(yyyyMMdd_hhmmss_a)</message>
  <nestedLevel>1</nestedLevel>
  <property name="startLine">71</property>
  <property name="stepIndex">3</property>
</record>
<record>
  <date>2020-07-28T17:30:45</date>
  <millis>1595937645339</millis>
  <sequence>12</sequence>
  <level>END</level>
  <class>com.kms.katalon.core.logging.XmlKeywordLogger</class>
  <method>endKeyword</method>
  <thread>1</thread>
  <message>End action : dateFormat = new java.text.SimpleDateFormat(yyyyMMdd_hhmmss_a)</message>
  <nestedLevel>1</nestedLevel>
</record>
<record>
  <date>2020-07-28T17:30:45</date>
  <millis>1595937645340</millis>
  <sequence>13</sequence>
  <level>START</level>
  <class>com.kms.katalon.core.logging.XmlKeywordLogger</class>
  <method>startKeyword</method>
  <thread>1</thread>
  <message>Start action : TestReport = \&amp;quot;Test Report\&amp;quot; + format(date).toString()</message>
  <nestedLevel>1</nestedLevel>
  <property name="startLine">72</property>
  <property name="stepIndex">4</property>
</record>
<record>
  <date>2020-07-28T17:30:45</date>
  <millis>1595937645351</millis>
  <sequence>14</sequence>
  <level>END</level>
  <class>com.kms.katalon.core.logging.XmlKeywordLogger</class>
  <method>endKeyword</method>
  <thread>1</thread>
  <message>End action : TestReport = \&amp;quot;Test Report\&amp;quot; + format(date).toString()</message>
  <nestedLevel>1</nestedLevel>
</record>
<record>
  <date>2020-07-28T17:30:45</date>
  <millis>1595937645352</millis>
  <sequence>15</sequence>
  <level>START</level>
  <class>com.kms.katalon.core.logging.XmlKeywordLogger</class>
  <method>startKeyword</method>
  <thread>1</thread>
  <message>Start action : println(\&amp;quot;***************************\&amp;quot; + TestReport)</message>
  <nestedLevel>1</nestedLevel>
  <property name="startLine">73</property>
  <property name="stepIndex">5</property>
</record>
<record>
  <date>2020-07-28T17:30:45</date>
  <millis>1595937645353</millis>
  <sequence>16</sequence>
  <level>END</level>
  <class>com.kms.katalon.core.logging.XmlKeywordLogger</class>
  <method>endKeyword</method>
  <thread>1</thread>
  <message>End action : println(\&amp;quot;***************************\&amp;quot; + TestReport)</message>
  <nestedLevel>1</nestedLevel>
</record>
<record>
  <date>2020-07-28T17:30:45</date>
  <millis>1595937645353</millis>
  <sequence>17</sequence>
  <level>START</level>
  <class>com.kms.katalon.core.logging.XmlKeywordLogger</class>
  <method>startKeyword</method>
  <thread>1</thread>
  <message>Start action : a = 34</message>
  <nestedLevel>1</nestedLevel>
  <property name="startLine">74</property>
  <property name="stepIndex">6</property>
</record>
<record>
  <date>2020-07-28T17:30:45</date>
  <millis>1595937645354</millis>
  <sequence>18</sequence>
  <level>END</level>
  <class>com.kms.katalon.core.logging.XmlKeywordLogger</class>
  <method>endKeyword</method>
  <thread>1</thread>
  <message>End action : a = 34</message>
  <nestedLevel>1</nestedLevel>
</record>
<record>
  <date>2020-07-28T17:30:45</date>
  <millis>1595937645354</millis>
  <sequence>19</sequence>
  <level>START</level>
  <class>com.kms.katalon.core.logging.XmlKeywordLogger</class>
  <method>startKeyword</method>
  <thread>1</thread>
  <message>Start action : htmlReporter1 = new com.aventstack.extentreports.reporter.ExtentHtmlReporter((((java.lang.System.getProperty(user.dir) + /ExtentReports/) + TestReport) + .html))</message>
  <nestedLevel>1</nestedLevel>
  <property name="startLine">75</property>
  <property name="stepIndex">7</property>
</record>
<record>
  <date>2020-07-28T17:30:45</date>
  <millis>1595937645388</millis>
  <sequence>20</sequence>
  <level>END</level>
  <class>com.kms.katalon.core.logging.XmlKeywordLogger</class>
  <method>endKeyword</method>
  <thread>1</thread>
  <message>End action : htmlReporter1 = new com.aventstack.extentreports.reporter.ExtentHtmlReporter((((java.lang.System.getProperty(user.dir) + /ExtentReports/) + TestReport) + .html))</message>
  <nestedLevel>1</nestedLevel>
</record>
<record>
  <date>2020-07-28T17:30:45</date>
  <millis>1595937645389</millis>
  <sequence>21</sequence>
  <level>START</level>
  <class>com.kms.katalon.core.logging.XmlKeywordLogger</class>
  <method>startKeyword</method>
  <thread>1</thread>
  <message>Start action : config().setDocumentTitle(\&amp;quot;Extent Report\&amp;quot;)</message>
  <nestedLevel>1</nestedLevel>
  <property name="startLine">81</property>
  <property name="stepIndex">8</property>
</record>
<record>
  <date>2020-07-28T17:30:45</date>
  <millis>1595937645404</millis>
  <sequence>22</sequence>
  <level>END</level>
  <class>com.kms.katalon.core.logging.XmlKeywordLogger</class>
  <method>endKeyword</method>
  <thread>1</thread>
  <message>End action : config().setDocumentTitle(\&amp;quot;Extent Report\&amp;quot;)</message>
  <nestedLevel>1</nestedLevel>
</record>
<record>
  <date>2020-07-28T17:30:45</date>
  <millis>1595937645404</millis>
  <sequence>23</sequence>
  <level>START</level>
  <class>com.kms.katalon.core.logging.XmlKeywordLogger</class>
  <method>startKeyword</method>
  <thread>1</thread>
  <message>Start action : config().setReportName(\&amp;quot;Functional Testing\&amp;quot;)</message>
  <nestedLevel>1</nestedLevel>
  <property name="startLine">82</property>
  <property name="stepIndex">9</property>
</record>
<record>
  <date>2020-07-28T17:30:45</date>
  <millis>1595937645406</millis>
  <sequence>24</sequence>
  <level>END</level>
  <class>com.kms.katalon.core.logging.XmlKeywordLogger</class>
  <method>endKeyword</method>
  <thread>1</thread>
  <message>End action : config().setReportName(\&amp;quot;Functional Testing\&amp;quot;)</message>
  <nestedLevel>1</nestedLevel>
</record>
<record>
  <date>2020-07-28T17:30:45</date>
  <millis>1595937645406</millis>
  <sequence>25</sequence>
  <level>START</level>
  <class>com.kms.katalon.core.logging.XmlKeywordLogger</class>
  <method>startKeyword</method>
  <thread>1</thread>
  <message>Start action : config().setTheme(DARK)</message>
  <nestedLevel>1</nestedLevel>
  <property name="startLine">83</property>
  <property name="stepIndex">10</property>
</record>
<record>
  <date>2020-07-28T17:30:45</date>
  <millis>1595937645413</millis>
  <sequence>26</sequence>
  <level>END</level>
  <class>com.kms.katalon.core.logging.XmlKeywordLogger</class>
  <method>endKeyword</method>
  <thread>1</thread>
  <message>End action : config().setTheme(DARK)</message>
  <nestedLevel>1</nestedLevel>
</record>
<record>
  <date>2020-07-28T17:30:45</date>
  <millis>1595937645414</millis>
  <sequence>27</sequence>
  <level>START</level>
  <class>com.kms.katalon.core.logging.XmlKeywordLogger</class>
  <method>startKeyword</method>
  <thread>1</thread>
  <message>Start action : CSS = \&amp;quot;\&amp;quot;</message>
  <nestedLevel>1</nestedLevel>
  <property name="startLine">85</property>
  <property name="stepIndex">11</property>
</record>
<record>
  <date>2020-07-28T17:30:45</date>
  <millis>1595937645414</millis>
  <sequence>28</sequence>
  <level>END</level>
  <class>com.kms.katalon.core.logging.XmlKeywordLogger</class>
  <method>endKeyword</method>
  <thread>1</thread>
  <message>End action : CSS = \&amp;quot;\&amp;quot;</message>
  <nestedLevel>1</nestedLevel>
</record>
<record>
  <date>2020-07-28T17:30:45</date>
  <millis>1595937645415</millis>
  <sequence>29</sequence>
  <level>START</level>
  <class>com.kms.katalon.core.logging.XmlKeywordLogger</class>
  <method>startKeyword</method>
  <thread>1</thread>
  <message>Start action : DocumentTitle = \&amp;quot;Email Report\&amp;quot;</message>
  <nestedLevel>1</nestedLevel>
  <property name="startLine">86</property>
  <property name="stepIndex">12</property>
</record>
<record>
  <date>2020-07-28T17:30:45</date>
  <millis>1595937645453</millis>
  <sequence>32</sequence>
  <level>ERROR</level>
  <class>com.kms.katalon.core.logging.XmlKeywordLogger</class>
  <method>logMessage</method>
  <thread>1</thread>
  <message>groovy.lang.MissingPropertyException: No such property: config for class: com.aventstack.extentreports.reporter.ExtentHtmlReporter\r\n\tat NewTestListener.sampleBeforeTestSuite(NewTestListener.groovy:86)\r\n\tat NewTestListener.invokeMethod(NewTestListener.groovy)\r\n\tat com.kms.katalon.core.context.internal.TestHooker.invokeMethod(TestHooker.java:111)\r\n\tat com.kms.katalon.core.context.internal.TestHooker.lambda$3(TestHooker.java:95)\r\n\tat com.kms.katalon.core.context.internal.TestHooker.invokeContextMethods(TestHooker.java:94)\r\n\tat com.kms.katalon.core.context.internal.TestListenerCollector.lambda$3(TestListenerCollector.java:88)\r\n\tat com.kms.katalon.core.context.internal.TestListenerCollector.handleListenerEvent(TestListenerCollector.java:85)\r\n\tat com.kms.katalon.core.context.internal.ExecutionEventManager.publicEvent(ExecutionEventManager.java:36)\r\n\tat com.kms.katalon.core.main.TestSuiteExecutor.execute(TestSuiteExecutor.java:88)\r\n\tat com.kms.katalon.core.main.TestCaseMain.startTestSuite(TestCaseMain.java:157)\r\n\tat com.kms.katalon.core.main.TestCaseMain$startTestSuite$0.call(Unknown Source)\r\n\tat TempTestSuite1595937640390.run(TempTestSuite1595937640390.groovy:39)\r\n</message>
  <nestedLevel>0</nestedLevel>
  <property name="failed.exception.class">groovy.lang.MissingPropertyException</property>
  <property name="failed.exception.stacktrace">groovy.lang.MissingPropertyException: No such property: config for class: com.aventstack.extentreports.reporter.ExtentHtmlReporter\r\n\tat NewTestListener.sampleBeforeTestSuite(NewTestListener.groovy:86)\r\n\tat NewTestListener.invokeMethod(NewTestListener.groovy)\r\n\tat com.kms.katalon.core.context.internal.TestHooker.invokeMethod(TestHooker.java:111)\r\n\tat com.kms.katalon.core.context.internal.TestHooker.lambda$3(TestHooker.java:95)\r\n\tat com.kms.katalon.core.context.internal.TestHooker.invokeContextMethods(TestHooker.java:94)\r\n\tat com.kms.katalon.core.context.internal.TestListenerCollector.lambda$3(TestListenerCollector.java:88)\r\n\tat com.kms.katalon.core.context.internal.TestListenerCollector.handleListenerEvent(TestListenerCollector.java:85)\r\n\tat com.kms.katalon.core.context.internal.ExecutionEventManager.publicEvent(ExecutionEventManager.java:36)\r\n\tat com.kms.katalon.core.main.TestSuiteExecutor.execute(TestSuiteExecutor.java:88)\r\n\tat com.kms.katalon.core.main.TestCaseMain.startTestSuite(TestCaseMain.java:157)\r\n\tat com.kms.katalon.core.main.TestCaseMain$startTestSuite$0.call(Unknown Source)\r\n\tat TempTestSuite1595937640390.run(TempTestSuite1595937640390.groovy:39)\r\n</property>
  <property name="failed.exception.message">No such property: config for class: com.aventstack.extentreports.reporter.ExtentHtmlReporter</property>
</record>
<record>
  <date>2020-07-28T17:30:45</date>
  <millis>1595937645454</millis>
  <sequence>33</sequence>
  <level>END</level>
  <class>com.kms.katalon.core.logging.XmlKeywordLogger</class>
  <method>endKeyword</method>
  <thread>1</thread>
  <message>End action : DocumentTitle = \&amp;quot;Email Report\&amp;quot;</message>
  <nestedLevel>1</nestedLevel>
</record>
<record>
  <date>2020-07-28T17:30:45</date>
  <millis>1595937645455</millis>
  <sequence>34</sequence>
  <level>END</level>
  <class>com.kms.katalon.core.logging.XmlKeywordLogger</class>
  <method>endKeyword</method>
  <thread>1</thread>
  <message>End listener action : sampleBeforeTestSuite</message>
  <nestedLevel>0</nestedLevel>
</record>
<record>
  <date>2020-07-28T17:30:45</date>
  <millis>1595937645733</millis>
  <sequence>35</sequence>
  <level>START</level>
  <class>com.kms.katalon.core.logging.XmlKeywordLogger</class>
  <method>startTest</method>
  <thread>1</thread>
  <message>Start Test Case : Test Cases/Tc_Admin/TC_Login</message>
  <nestedLevel>1</nestedLevel>
  <property name="name">Test Cases/Tc_Admin/TC_Login</property>
  <property name="description"></property>
  <property name="id">Test Cases/Tc_Admin/TC_Login</property>
  <property name="source">C:\\Users\\Group10\\Desktop\\New folder (2)\\ProAcc_Automation_Latest\\ProAcc_Automation_Latest\\Test Cases\\Tc_Admin\\TC_Login.tc</property>
  <property name="tag"></property>
  <property name="isOptional">false</property>
</record>
<record>
  <date>2020-07-28T17:30:46</date>
  <millis>1595937646026</millis>
  <sequence>37</sequence>
  <level>START</level>
  <class>com.kms.katalon.core.logging.XmlKeywordLogger</class>
  <method>startKeyword</method>
  <thread>1</thread>
  <message>Start action : runWithCucumberRunner(testRunner.Login_Runner)</message>
  <nestedLevel>1</nestedLevel>
  <property name="startLine">20</property>
  <property name="stepIndex">1</property>
</record>
<record>
  <date>2020-07-28T17:30:47</date>
  <millis>1595937647199</millis>
  <sequence>39</sequence>
  <level>INFO</level>
  <class>com.kms.katalon.core.logging.XmlKeywordLogger</class>
  <method>logMessage</method>
  <thread>1</thread>
  <message>Starting &amp;apos;Chrome&amp;apos; driver</message>
  <nestedLevel>1</nestedLevel>
</record>
<record>
  <date>2020-07-28T17:30:47</date>
  <millis>1595937647235</millis>
  <sequence>41</sequence>
  <level>INFO</level>
  <class>com.kms.katalon.core.logging.XmlKeywordLogger</class>
  <method>logMessage</method>
  <thread>1</thread>
  <message>Action delay is set to 0 milliseconds</message>
  <nestedLevel>1</nestedLevel>
</record>
<record>
  <date>2020-07-28T17:30:50</date>
  <millis>1595937650855</millis>
  <sequence>43</sequence>
  <level>RUN_DATA</level>
  <class>com.kms.katalon.core.logging.XmlKeywordLogger</class>
  <method>logMessage</method>
  <thread>1</thread>
  <message>sessionId = b654879f4ca314c7e499adbc9c901d7b</message>
  <nestedLevel>1</nestedLevel>
  <property name="sessionId">b654879f4ca314c7e499adbc9c901d7b</property>
</record>
<record>
  <date>2020-07-28T17:30:50</date>
  <millis>1595937650880</millis>
  <sequence>44</sequence>
  <level>RUN_DATA</level>
  <class>com.kms.katalon.core.logging.XmlKeywordLogger</class>
  <method>logMessage</method>
  <thread>1</thread>
  <message>browser = Chrome 84.0.4147.89</message>
  <nestedLevel>1</nestedLevel>
  <property name="browser">Chrome 84.0.4147.89</property>
</record>
<record>
  <date>2020-07-28T17:30:50</date>
  <millis>1595937650881</millis>
  <sequence>45</sequence>
  <level>RUN_DATA</level>
  <class>com.kms.katalon.core.logging.XmlKeywordLogger</class>
  <method>logMessage</method>
  <thread>1</thread>
  <message>platform = Windows 7</message>
  <nestedLevel>1</nestedLevel>
  <property name="platform">Windows 7</property>
</record>
<record>
  <date>2020-07-28T17:30:50</date>
  <millis>1595937650883</millis>
  <sequence>46</sequence>
  <level>RUN_DATA</level>
  <class>com.kms.katalon.core.logging.XmlKeywordLogger</class>
  <method>logMessage</method>
  <thread>1</thread>
  <message>seleniumVersion = 3.141.59</message>
  <nestedLevel>1</nestedLevel>
  <property name="seleniumVersion">3.141.59</property>
</record>
<record>
  <date>2020-07-28T17:30:50</date>
  <millis>1595937650884</millis>
  <sequence>47</sequence>
  <level>RUN_DATA</level>
  <class>com.kms.katalon.core.logging.XmlKeywordLogger</class>
  <method>logMessage</method>
  <thread>1</thread>
  <message>proxyInformation = ProxyInformation { proxyOption=NO_PROXY, proxyServerType=HTTP, username=, password=********, proxyServerAddress=, proxyServerPort=0, executionList=\&amp;quot;\&amp;quot;, isApplyToDesiredCapabilities=true }</message>
  <nestedLevel>1</nestedLevel>
  <property name="proxyInformation">ProxyInformation { proxyOption=NO_PROXY, proxyServerType=HTTP, username=, password=********, proxyServerAddress=, proxyServerPort=0, executionList=\&quot;\&quot;, isApplyToDesiredCapabilities=true }</property>
</record>
<record>
  <date>2020-07-28T17:30:50</date>
  <millis>1595937650895</millis>
  <sequence>48</sequence>
  <level>PASSED</level>
  <class>com.kms.katalon.core.logging.XmlKeywordLogger</class>
  <method>logMessage</method>
  <thread>1</thread>
  <message>Browser is opened with url: &amp;apos;&amp;apos;</message>
  <nestedLevel>1</nestedLevel>
</record>
<record>
  <date>2020-07-28T17:30:52</date>
  <millis>1595937652188</millis>
  <sequence>50</sequence>
  <level>PASSED</level>
  <class>com.kms.katalon.core.logging.XmlKeywordLogger</class>
  <method>logMessage</method>
  <thread>1</thread>
  <message>Current window maximized</message>
  <nestedLevel>1</nestedLevel>
</record>
<record>
  <date>2020-07-28T17:30:57</date>
  <millis>1595937657231</millis>
  <sequence>52</sequence>
  <level>PASSED</level>
  <class>com.kms.katalon.core.logging.XmlKeywordLogger</class>
  <method>logMessage</method>
  <thread>1</thread>
  <message>Delayed 5 second(s)</message>
  <nestedLevel>1</nestedLevel>
</record>
<record>
  <date>2020-07-28T17:30:59</date>
  <millis>1595937659431</millis>
  <sequence>55</sequence>
  <level>PASSED</level>
  <class>com.kms.katalon.core.logging.XmlKeywordLogger</class>
  <method>logMessage</method>
  <thread>1</thread>
  <message>Navigate to &amp;apos;http://123.176.34.15:4041/ProAccQA&amp;apos; successfully</message>
  <nestedLevel>1</nestedLevel>
</record>
<record>
  <date>2020-07-28T17:31:00</date>
  <millis>1595937660491</millis>
  <sequence>71</sequence>
  <level>PASSED</level>
  <class>com.kms.katalon.core.logging.XmlKeywordLogger</class>
  <method>logMessage</method>
  <thread>1</thread>
  <message>Text &amp;apos;admin&amp;apos; is set on object &amp;apos;Object Repository/Pro_Acc_Login/input_Login_Username&amp;apos;</message>
  <nestedLevel>1</nestedLevel>
</record>
<record>
  <date>2020-07-28T17:31:01</date>
  <millis>1595937661192</millis>
  <sequence>87</sequence>
  <level>PASSED</level>
  <class>com.kms.katalon.core.logging.XmlKeywordLogger</class>
  <method>logMessage</method>
  <thread>1</thread>
  <message>Text &amp;apos;admin&amp;apos; is set on object &amp;apos;Object Repository/Pro_Acc_Login/input_Login_Password&amp;apos;</message>
  <nestedLevel>1</nestedLevel>
</record>
<record>
  <date>2020-07-28T17:31:03</date>
  <millis>1595937663215</millis>
  <sequence>89</sequence>
  <level>PASSED</level>
  <class>com.kms.katalon.core.logging.XmlKeywordLogger</class>
  <method>logMessage</method>
  <thread>1</thread>
  <message>Delayed 2 second(s)</message>
  <nestedLevel>1</nestedLevel>
</record>
<record>
  <date>2020-07-28T17:31:07</date>
  <millis>1595937667673</millis>
  <sequence>98</sequence>
  <level>PASSED</level>
  <class>com.kms.katalon.core.logging.XmlKeywordLogger</class>
  <method>logMessage</method>
  <thread>1</thread>
  <message>Object: &amp;apos;Object Repository/Pro_Acc_Login/button_Login&amp;apos; is clicked on</message>
  <nestedLevel>1</nestedLevel>
</record>
<record>
  <date>2020-07-28T17:31:10</date>
  <millis>1595937670680</millis>
  <sequence>100</sequence>
  <level>PASSED</level>
  <class>com.kms.katalon.core.logging.XmlKeywordLogger</class>
  <method>logMessage</method>
  <thread>1</thread>
  <message>Delayed 3 second(s)</message>
  <nestedLevel>1</nestedLevel>
</record>
<record>
  <date>2020-07-28T17:31:11</date>
  <millis>1595937671202</millis>
  <sequence>104</sequence>
  <level>PASSED</level>
  <class>com.kms.katalon.core.logging.XmlKeywordLogger</class>
  <method>logMessage</method>
  <thread>1</thread>
  <message>Text &amp;apos;Dashboard&amp;apos; is present on page </message>
  <nestedLevel>1</nestedLevel>
</record>
<record>
  <date>2020-07-28T17:31:14</date>
  <millis>1595937674205</millis>
  <sequence>106</sequence>
  <level>PASSED</level>
  <class>com.kms.katalon.core.logging.XmlKeywordLogger</class>
  <method>logMessage</method>
  <thread>1</thread>
  <message>Delayed 3 second(s)</message>
  <nestedLevel>1</nestedLevel>
</record>
<record>
  <date>2020-07-28T17:31:14</date>
  <millis>1595937674318</millis>
  <sequence>107</sequence>
  <level>PASSED</level>
  <class>com.kms.katalon.core.logging.XmlKeywordLogger</class>
  <method>logMessage</method>
  <thread>1</thread>
  <message>Run with &amp;apos;testRunner.Login_Runner&amp;apos; was passed</message>
  <nestedLevel>1</nestedLevel>
</record>
<record>
  <date>2020-07-28T17:31:14</date>
  <millis>1595937674318</millis>
  <sequence>108</sequence>
  <level>END</level>
  <class>com.kms.katalon.core.logging.XmlKeywordLogger</class>
  <method>endKeyword</method>
  <thread>1</thread>
  <message>End action : runWithCucumberRunner(testRunner.Login_Runner)</message>
  <nestedLevel>1</nestedLevel>
</record>
<record>
  <date>2020-07-28T17:31:14</date>
  <millis>1595937674319</millis>
  <sequence>109</sequence>
  <level>PASSED</level>
  <class>com.kms.katalon.core.logging.XmlKeywordLogger</class>
  <method>logMessage</method>
  <thread>1</thread>
  <message>Test Cases/Tc_Admin/TC_Login</message>
  <nestedLevel>1</nestedLevel>
</record>
<record>
  <date>2020-07-28T17:31:14</date>
  <millis>1595937674321</millis>
  <sequence>110</sequence>
  <level>END</level>
  <class>com.kms.katalon.core.logging.XmlKeywordLogger</class>
  <method>endTest</method>
  <thread>1</thread>
  <message>End Test Case : Test Cases/Tc_Admin/TC_Login</message>
  <nestedLevel>0</nestedLevel>
</record>
<record>
  <date>2020-07-28T17:31:14</date>
  <millis>1595937674331</millis>
  <sequence>111</sequence>
  <level>START</level>
  <class>com.kms.katalon.core.logging.XmlKeywordLogger</class>
  <method>startTest</method>
  <thread>1</thread>
  <message>Start Test Case : Test Cases/Tc_Admin/TC_CreateUser</message>
  <nestedLevel>1</nestedLevel>
  <property name="name">Test Cases/Tc_Admin/TC_CreateUser</property>
  <property name="description"></property>
  <property name="id">Test Cases/Tc_Admin/TC_CreateUser</property>
  <property name="source">C:\\Users\\Group10\\Desktop\\New folder (2)\\ProAcc_Automation_Latest\\ProAcc_Automation_Latest\\Test Cases\\Tc_Admin\\TC_CreateUser.tc</property>
  <property name="tag"></property>
  <property name="isOptional">false</property>
</record>
<record>
  <date>2020-07-28T17:31:14</date>
  <millis>1595937674836</millis>
  <sequence>113</sequence>
  <level>START</level>
  <class>com.kms.katalon.core.logging.XmlKeywordLogger</class>
  <method>startKeyword</method>
  <thread>1</thread>
  <message>Start action : runWithCucumberRunner(testRunner.CreateUser_Runner)</message>
  <nestedLevel>1</nestedLevel>
  <property name="startLine">21</property>
  <property name="stepIndex">1</property>
</record>
<record>
  <date>2020-07-28T17:31:16</date>
  <millis>1595937676445</millis>
  <sequence>114</sequence>
  <level>PASSED</level>
  <class>com.kms.katalon.core.logging.XmlKeywordLogger</class>
  <method>logMessage</method>
  <thread>1</thread>
  <message>Run with &amp;apos;testRunner.CreateUser_Runner&amp;apos; was passed</message>
  <nestedLevel>1</nestedLevel>
</record>
<record>
  <date>2020-07-28T17:31:16</date>
  <millis>1595937676445</millis>
  <sequence>115</sequence>
  <level>END</level>
  <class>com.kms.katalon.core.logging.XmlKeywordLogger</class>
  <method>endKeyword</method>
  <thread>1</thread>
  <message>End action : runWithCucumberRunner(testRunner.CreateUser_Runner)</message>
  <nestedLevel>1</nestedLevel>
</record>
<record>
  <date>2020-07-28T17:31:16</date>
  <millis>1595937676445</millis>
  <sequence>116</sequence>
  <level>PASSED</level>
  <class>com.kms.katalon.core.logging.XmlKeywordLogger</class>
  <method>logMessage</method>
  <thread>1</thread>
  <message>Test Cases/Tc_Admin/TC_CreateUser</message>
  <nestedLevel>1</nestedLevel>
</record>
<record>
  <date>2020-07-28T17:31:16</date>
  <millis>1595937676445</millis>
  <sequence>117</sequence>
  <level>END</level>
  <class>com.kms.katalon.core.logging.XmlKeywordLogger</class>
  <method>endTest</method>
  <thread>1</thread>
  <message>End Test Case : Test Cases/Tc_Admin/TC_CreateUser</message>
  <nestedLevel>0</nestedLevel>
</record>
<record>
  <date>2020-07-28T17:31:16</date>
  <millis>1595937676449</millis>
  <sequence>118</sequence>
  <level>START</level>
  <class>com.kms.katalon.core.logging.XmlKeywordLogger</class>
  <method>startTest</method>
  <thread>1</thread>
  <message>Start Test Case : Test Cases/Tc_Admin/TC_CreateProject</message>
  <nestedLevel>1</nestedLevel>
  <property name="name">Test Cases/Tc_Admin/TC_CreateProject</property>
  <property name="description"></property>
  <property name="id">Test Cases/Tc_Admin/TC_CreateProject</property>
  <property name="source">C:\\Users\\Group10\\Desktop\\New folder (2)\\ProAcc_Automation_Latest\\ProAcc_Automation_Latest\\Test Cases\\Tc_Admin\\TC_CreateProject.tc</property>
  <property name="tag"></property>
  <property name="isOptional">false</property>
</record>
<record>
  <date>2020-07-28T17:31:16</date>
  <millis>1595937676731</millis>
  <sequence>120</sequence>
  <level>START</level>
  <class>com.kms.katalon.core.logging.XmlKeywordLogger</class>
  <method>startKeyword</method>
  <thread>1</thread>
  <message>Start action : runWithCucumberRunner(testRunner.CreateProject_Runner)</message>
  <nestedLevel>1</nestedLevel>
  <property name="startLine">20</property>
  <property name="stepIndex">1</property>
</record>
<record>
  <date>2020-07-28T17:31:17</date>
  <millis>1595937677140</millis>
  <sequence>121</sequence>
  <level>PASSED</level>
  <class>com.kms.katalon.core.logging.XmlKeywordLogger</class>
  <method>logMessage</method>
  <thread>1</thread>
  <message>Run with &amp;apos;testRunner.CreateProject_Runner&amp;apos; was passed</message>
  <nestedLevel>1</nestedLevel>
</record>
<record>
  <date>2020-07-28T17:31:17</date>
  <millis>1595937677141</millis>
  <sequence>122</sequence>
  <level>END</level>
  <class>com.kms.katalon.core.logging.XmlKeywordLogger</class>
  <method>endKeyword</method>
  <thread>1</thread>
  <message>End action : runWithCucumberRunner(testRunner.CreateProject_Runner)</message>
  <nestedLevel>1</nestedLevel>
</record>
<record>
  <date>2020-07-28T17:31:17</date>
  <millis>1595937677141</millis>
  <sequence>123</sequence>
  <level>PASSED</level>
  <class>com.kms.katalon.core.logging.XmlKeywordLogger</class>
  <method>logMessage</method>
  <thread>1</thread>
  <message>Test Cases/Tc_Admin/TC_CreateProject</message>
  <nestedLevel>1</nestedLevel>
</record>
<record>
  <date>2020-07-28T17:31:17</date>
  <millis>1595937677141</millis>
  <sequence>124</sequence>
  <level>END</level>
  <class>com.kms.katalon.core.logging.XmlKeywordLogger</class>
  <method>endTest</method>
  <thread>1</thread>
  <message>End Test Case : Test Cases/Tc_Admin/TC_CreateProject</message>
  <nestedLevel>0</nestedLevel>
</record>
<record>
  <date>2020-07-28T17:31:17</date>
  <millis>1595937677148</millis>
  <sequence>125</sequence>
  <level>START</level>
  <class>com.kms.katalon.core.logging.XmlKeywordLogger</class>
  <method>startTest</method>
  <thread>1</thread>
  <message>Start Test Case : Test Cases/Tc_Admin/TC_CreateInstance</message>
  <nestedLevel>1</nestedLevel>
  <property name="name">Test Cases/Tc_Admin/TC_CreateInstance</property>
  <property name="description"></property>
  <property name="id">Test Cases/Tc_Admin/TC_CreateInstance</property>
  <property name="source">C:\\Users\\Group10\\Desktop\\New folder (2)\\ProAcc_Automation_Latest\\ProAcc_Automation_Latest\\Test Cases\\Tc_Admin\\TC_CreateInstance.tc</property>
  <property name="tag"></property>
  <property name="isOptional">false</property>
</record>
<record>
  <date>2020-07-28T17:31:17</date>
  <millis>1595937677416</millis>
  <sequence>127</sequence>
  <level>START</level>
  <class>com.kms.katalon.core.logging.XmlKeywordLogger</class>
  <method>startKeyword</method>
  <thread>1</thread>
  <message>Start action : runWithCucumberRunner(testRunner.CreateInstance_Runner)</message>
  <nestedLevel>1</nestedLevel>
  <property name="startLine">20</property>
  <property name="stepIndex">1</property>
</record>
<record>
  <date>2020-07-28T17:31:17</date>
  <millis>1595937677822</millis>
  <sequence>128</sequence>
  <level>PASSED</level>
  <class>com.kms.katalon.core.logging.XmlKeywordLogger</class>
  <method>logMessage</method>
  <thread>1</thread>
  <message>Run with &amp;apos;testRunner.CreateInstance_Runner&amp;apos; was passed</message>
  <nestedLevel>1</nestedLevel>
</record>
<record>
  <date>2020-07-28T17:31:17</date>
  <millis>1595937677822</millis>
  <sequence>129</sequence>
  <level>END</level>
  <class>com.kms.katalon.core.logging.XmlKeywordLogger</class>
  <method>endKeyword</method>
  <thread>1</thread>
  <message>End action : runWithCucumberRunner(testRunner.CreateInstance_Runner)</message>
  <nestedLevel>1</nestedLevel>
</record>
<record>
  <date>2020-07-28T17:31:17</date>
  <millis>1595937677822</millis>
  <sequence>130</sequence>
  <level>PASSED</level>
  <class>com.kms.katalon.core.logging.XmlKeywordLogger</class>
  <method>logMessage</method>
  <thread>1</thread>
  <message>Test Cases/Tc_Admin/TC_CreateInstance</message>
  <nestedLevel>1</nestedLevel>
</record>
<record>
  <date>2020-07-28T17:31:17</date>
  <millis>1595937677823</millis>
  <sequence>131</sequence>
  <level>END</level>
  <class>com.kms.katalon.core.logging.XmlKeywordLogger</class>
  <method>endTest</method>
  <thread>1</thread>
  <message>End Test Case : Test Cases/Tc_Admin/TC_CreateInstance</message>
  <nestedLevel>0</nestedLevel>
</record>
<record>
  <date>2020-07-28T17:31:17</date>
  <millis>1595937677826</millis>
  <sequence>132</sequence>
  <level>START</level>
  <class>com.kms.katalon.core.logging.XmlKeywordLogger</class>
  <method>startTest</method>
  <thread>1</thread>
  <message>Start Test Case : Test Cases/Tc_Admin/TC_ActivityCreation</message>
  <nestedLevel>1</nestedLevel>
  <property name="name">Test Cases/Tc_Admin/TC_ActivityCreation</property>
  <property name="description"></property>
  <property name="id">Test Cases/Tc_Admin/TC_ActivityCreation</property>
  <property name="source">C:\\Users\\Group10\\Desktop\\New folder (2)\\ProAcc_Automation_Latest\\ProAcc_Automation_Latest\\Test Cases\\Tc_Admin\\TC_ActivityCreation.tc</property>
  <property name="tag"></property>
  <property name="isOptional">false</property>
</record>
<record>
  <date>2020-07-28T17:31:18</date>
  <millis>1595937678163</millis>
  <sequence>134</sequence>
  <level>START</level>
  <class>com.kms.katalon.core.logging.XmlKeywordLogger</class>
  <method>startKeyword</method>
  <thread>1</thread>
  <message>Start action : runWithCucumberRunner(testRunner.ActivityCreation_Runner)</message>
  <nestedLevel>1</nestedLevel>
  <property name="startLine">20</property>
  <property name="stepIndex">1</property>
</record>
<record>
  <date>2020-07-28T17:31:18</date>
  <millis>1595937678576</millis>
  <sequence>136</sequence>
  <level>WARNING</level>
  <class>com.kms.katalon.core.logging.XmlKeywordLogger</class>
  <method>logMessage</method>
  <thread>1</thread>
  <message>A browser is already opened. Closing browser and opening a new one</message>
  <nestedLevel>1</nestedLevel>
</record>
<record>
  <date>2020-07-28T17:31:19</date>
  <millis>1595937679340</millis>
  <sequence>137</sequence>
  <level>INFO</level>
  <class>com.kms.katalon.core.logging.XmlKeywordLogger</class>
  <method>logMessage</method>
  <thread>1</thread>
  <message>Starting &amp;apos;Chrome&amp;apos; driver</message>
  <nestedLevel>1</nestedLevel>
</record>
<record>
  <date>2020-07-28T17:31:19</date>
  <millis>1595937679348</millis>
  <sequence>139</sequence>
  <level>INFO</level>
  <class>com.kms.katalon.core.logging.XmlKeywordLogger</class>
  <method>logMessage</method>
  <thread>1</thread>
  <message>Action delay is set to 0 milliseconds</message>
  <nestedLevel>1</nestedLevel>
</record>
<record>
  <date>2020-07-28T17:31:22</date>
  <millis>1595937682507</millis>
  <sequence>141</sequence>
  <level>RUN_DATA</level>
  <class>com.kms.katalon.core.logging.XmlKeywordLogger</class>
  <method>logMessage</method>
  <thread>1</thread>
  <message>sessionId = 2aea365064eabaa5f0ab1cf424e86154</message>
  <nestedLevel>1</nestedLevel>
  <property name="sessionId">2aea365064eabaa5f0ab1cf424e86154</property>
</record>
<record>
  <date>2020-07-28T17:31:22</date>
  <millis>1595937682532</millis>
  <sequence>142</sequence>
  <level>RUN_DATA</level>
  <class>com.kms.katalon.core.logging.XmlKeywordLogger</class>
  <method>logMessage</method>
  <thread>1</thread>
  <message>browser = Chrome 84.0.4147.89</message>
  <nestedLevel>1</nestedLevel>
  <property name="browser">Chrome 84.0.4147.89</property>
</record>
<record>
  <date>2020-07-28T17:31:22</date>
  <millis>1595937682533</millis>
  <sequence>143</sequence>
  <level>RUN_DATA</level>
  <class>com.kms.katalon.core.logging.XmlKeywordLogger</class>
  <method>logMessage</method>
  <thread>1</thread>
  <message>platform = Windows 7</message>
  <nestedLevel>1</nestedLevel>
  <property name="platform">Windows 7</property>
</record>
<record>
  <date>2020-07-28T17:31:22</date>
  <millis>1595937682534</millis>
  <sequence>144</sequence>
  <level>RUN_DATA</level>
  <class>com.kms.katalon.core.logging.XmlKeywordLogger</class>
  <method>logMessage</method>
  <thread>1</thread>
  <message>seleniumVersion = 3.141.59</message>
  <nestedLevel>1</nestedLevel>
  <property name="seleniumVersion">3.141.59</property>
</record>
<record>
  <date>2020-07-28T17:31:22</date>
  <millis>1595937682535</millis>
  <sequence>145</sequence>
  <level>RUN_DATA</level>
  <class>com.kms.katalon.core.logging.XmlKeywordLogger</class>
  <method>logMessage</method>
  <thread>1</thread>
  <message>proxyInformation = ProxyInformation { proxyOption=NO_PROXY, proxyServerType=HTTP, username=, password=********, proxyServerAddress=, proxyServerPort=0, executionList=\&amp;quot;\&amp;quot;, isApplyToDesiredCapabilities=true }</message>
  <nestedLevel>1</nestedLevel>
  <property name="proxyInformation">ProxyInformation { proxyOption=NO_PROXY, proxyServerType=HTTP, username=, password=********, proxyServerAddress=, proxyServerPort=0, executionList=\&quot;\&quot;, isApplyToDesiredCapabilities=true }</property>
</record>
<record>
  <date>2020-07-28T17:31:22</date>
  <millis>1595937682545</millis>
  <sequence>146</sequence>
  <level>PASSED</level>
  <class>com.kms.katalon.core.logging.XmlKeywordLogger</class>
  <method>logMessage</method>
  <thread>1</thread>
  <message>Browser is opened with url: &amp;apos;&amp;apos;</message>
  <nestedLevel>1</nestedLevel>
</record>
<record>
  <date>2020-07-28T17:31:23</date>
  <millis>1595937683808</millis>
  <sequence>148</sequence>
  <level>PASSED</level>
  <class>com.kms.katalon.core.logging.XmlKeywordLogger</class>
  <method>logMessage</method>
  <thread>1</thread>
  <message>Current window maximized</message>
  <nestedLevel>1</nestedLevel>
</record>
