<?xml version="1.0" encoding="UTF-8" standalone="no"?>
<!DOCTYPE log SYSTEM "logger.dtd">
<log>
<record>
  <date>2020-08-19T19:10:22</date>
  <millis>1597844422563</millis>
  <sequence>0</sequence>
  <level>START</level>
  <class>com.kms.katalon.core.logging.XmlKeywordLogger</class>
  <method>startSuite</method>
  <thread>1</thread>
  <message>Start Test Suite : Test Suites/ProAcc_Suite</message>
  <nestedLevel>0</nestedLevel>
  <property name="name">ProAcc_Suite</property>
  <property name="description"></property>
  <property name="id">Test Suites/ProAcc_Suite</property>
  <property name="stopImmediately">false</property>
</record>
<record>
  <date>2020-08-19T19:10:22</date>
  <millis>1597844422584</millis>
  <sequence>1</sequence>
  <level>RUN_DATA</level>
  <class>com.kms.katalon.core.logging.XmlKeywordLogger</class>
  <method>logMessage</method>
  <thread>1</thread>
  <message>hostName = Group10 - Group10-PC</message>
  <nestedLevel>0</nestedLevel>
  <property name="hostName">Group10 - Group10-PC</property>
</record>
<record>
  <date>2020-08-19T19:10:22</date>
  <millis>1597844422585</millis>
  <sequence>2</sequence>
  <level>RUN_DATA</level>
  <class>com.kms.katalon.core.logging.XmlKeywordLogger</class>
  <method>logMessage</method>
  <thread>1</thread>
  <message>os = Windows 7 32bit</message>
  <nestedLevel>0</nestedLevel>
  <property name="os">Windows 7 32bit</property>
</record>
<record>
  <date>2020-08-19T19:10:22</date>
  <millis>1597844422586</millis>
  <sequence>3</sequence>
  <level>RUN_DATA</level>
  <class>com.kms.katalon.core.logging.XmlKeywordLogger</class>
  <method>logMessage</method>
  <thread>1</thread>
  <message>hostAddress = 192.168.43.206</message>
  <nestedLevel>0</nestedLevel>
  <property name="hostAddress">192.168.43.206</property>
</record>
<record>
  <date>2020-08-19T19:10:22</date>
  <millis>1597844422587</millis>
  <sequence>4</sequence>
  <level>RUN_DATA</level>
  <class>com.kms.katalon.core.logging.XmlKeywordLogger</class>
  <method>logMessage</method>
  <thread>1</thread>
  <message>katalonVersion = 7.6.1.205</message>
  <nestedLevel>0</nestedLevel>
  <property name="katalonVersion">7.6.1.205</property>
</record>
<record>
  <date>2020-08-19T19:10:22</date>
  <millis>1597844422615</millis>
  <sequence>5</sequence>
  <level>START</level>
  <class>com.kms.katalon.core.logging.XmlKeywordLogger</class>
  <method>startKeyword</method>
  <thread>1</thread>
  <message>Start listener action : sampleBeforeTestSuite</message>
  <nestedLevel>0</nestedLevel>
</record>
<record>
  <date>2020-08-19T19:10:22</date>
  <millis>1597844422631</millis>
  <sequence>7</sequence>
  <level>START</level>
  <class>com.kms.katalon.core.logging.XmlKeywordLogger</class>
  <method>startKeyword</method>
  <thread>1</thread>
  <message>Start action : println(testSuiteContext.getTestSuiteId())</message>
  <nestedLevel>1</nestedLevel>
  <property name="startLine">69</property>
  <property name="stepIndex">1</property>
</record>
<record>
  <date>2020-08-19T19:10:22</date>
  <millis>1597844422641</millis>
  <sequence>8</sequence>
  <level>END</level>
  <class>com.kms.katalon.core.logging.XmlKeywordLogger</class>
  <method>endKeyword</method>
  <thread>1</thread>
  <message>End action : println(testSuiteContext.getTestSuiteId())</message>
  <nestedLevel>1</nestedLevel>
</record>
<record>
  <date>2020-08-19T19:10:22</date>
  <millis>1597844422641</millis>
  <sequence>9</sequence>
  <level>START</level>
  <class>com.kms.katalon.core.logging.XmlKeywordLogger</class>
  <method>startKeyword</method>
  <thread>1</thread>
  <message>Start action : date = new java.util.Date()</message>
  <nestedLevel>1</nestedLevel>
  <property name="startLine">70</property>
  <property name="stepIndex">2</property>
</record>
<record>
  <date>2020-08-19T19:10:22</date>
  <millis>1597844422648</millis>
  <sequence>10</sequence>
  <level>END</level>
  <class>com.kms.katalon.core.logging.XmlKeywordLogger</class>
  <method>endKeyword</method>
  <thread>1</thread>
  <message>End action : date = new java.util.Date()</message>
  <nestedLevel>1</nestedLevel>
</record>
<record>
  <date>2020-08-19T19:10:22</date>
  <millis>1597844422648</millis>
  <sequence>11</sequence>
  <level>START</level>
  <class>com.kms.katalon.core.logging.XmlKeywordLogger</class>
  <method>startKeyword</method>
  <thread>1</thread>
  <message>Start action : dateFormat = new java.text.SimpleDateFormat(yyyyMMdd_hhmmss_a)</message>
  <nestedLevel>1</nestedLevel>
  <property name="startLine">71</property>
  <property name="stepIndex">3</property>
</record>
<record>
  <date>2020-08-19T19:10:22</date>
  <millis>1597844422660</millis>
  <sequence>12</sequence>
  <level>END</level>
  <class>com.kms.katalon.core.logging.XmlKeywordLogger</class>
  <method>endKeyword</method>
  <thread>1</thread>
  <message>End action : dateFormat = new java.text.SimpleDateFormat(yyyyMMdd_hhmmss_a)</message>
  <nestedLevel>1</nestedLevel>
</record>
<record>
  <date>2020-08-19T19:10:22</date>
  <millis>1597844422660</millis>
  <sequence>13</sequence>
  <level>START</level>
  <class>com.kms.katalon.core.logging.XmlKeywordLogger</class>
  <method>startKeyword</method>
  <thread>1</thread>
  <message>Start action : TestReport = \&amp;quot;Test Report\&amp;quot; + format(date).toString()</message>
  <nestedLevel>1</nestedLevel>
  <property name="startLine">72</property>
  <property name="stepIndex">4</property>
</record>
<record>
  <date>2020-08-19T19:10:22</date>
  <millis>1597844422672</millis>
  <sequence>14</sequence>
  <level>END</level>
  <class>com.kms.katalon.core.logging.XmlKeywordLogger</class>
  <method>endKeyword</method>
  <thread>1</thread>
  <message>End action : TestReport = \&amp;quot;Test Report\&amp;quot; + format(date).toString()</message>
  <nestedLevel>1</nestedLevel>
</record>
<record>
  <date>2020-08-19T19:10:22</date>
  <millis>1597844422672</millis>
  <sequence>15</sequence>
  <level>START</level>
  <class>com.kms.katalon.core.logging.XmlKeywordLogger</class>
  <method>startKeyword</method>
  <thread>1</thread>
  <message>Start action : println(\&amp;quot;***************************\&amp;quot; + TestReport)</message>
  <nestedLevel>1</nestedLevel>
  <property name="startLine">73</property>
  <property name="stepIndex">5</property>
</record>
<record>
  <date>2020-08-19T19:10:22</date>
  <millis>1597844422673</millis>
  <sequence>16</sequence>
  <level>END</level>
  <class>com.kms.katalon.core.logging.XmlKeywordLogger</class>
  <method>endKeyword</method>
  <thread>1</thread>
  <message>End action : println(\&amp;quot;***************************\&amp;quot; + TestReport)</message>
  <nestedLevel>1</nestedLevel>
</record>
<record>
  <date>2020-08-19T19:10:22</date>
  <millis>1597844422674</millis>
  <sequence>17</sequence>
  <level>START</level>
  <class>com.kms.katalon.core.logging.XmlKeywordLogger</class>
  <method>startKeyword</method>
  <thread>1</thread>
  <message>Start action : a = 34</message>
  <nestedLevel>1</nestedLevel>
  <property name="startLine">74</property>
  <property name="stepIndex">6</property>
</record>
<record>
  <date>2020-08-19T19:10:22</date>
  <millis>1597844422675</millis>
  <sequence>18</sequence>
  <level>END</level>
  <class>com.kms.katalon.core.logging.XmlKeywordLogger</class>
  <method>endKeyword</method>
  <thread>1</thread>
  <message>End action : a = 34</message>
  <nestedLevel>1</nestedLevel>
</record>
<record>
  <date>2020-08-19T19:10:22</date>
  <millis>1597844422675</millis>
  <sequence>19</sequence>
  <level>START</level>
  <class>com.kms.katalon.core.logging.XmlKeywordLogger</class>
  <method>startKeyword</method>
  <thread>1</thread>
  <message>Start action : htmlReporter1 = new com.aventstack.extentreports.reporter.ExtentHtmlReporter((((java.lang.System.getProperty(user.dir) + /ExtentReports/) + TestReport) + .html))</message>
  <nestedLevel>1</nestedLevel>
  <property name="startLine">75</property>
  <property name="stepIndex">7</property>
</record>
<record>
  <date>2020-08-19T19:10:22</date>
  <millis>1597844422716</millis>
  <sequence>20</sequence>
  <level>END</level>
  <class>com.kms.katalon.core.logging.XmlKeywordLogger</class>
  <method>endKeyword</method>
  <thread>1</thread>
  <message>End action : htmlReporter1 = new com.aventstack.extentreports.reporter.ExtentHtmlReporter((((java.lang.System.getProperty(user.dir) + /ExtentReports/) + TestReport) + .html))</message>
  <nestedLevel>1</nestedLevel>
</record>
<record>
  <date>2020-08-19T19:10:22</date>
  <millis>1597844422716</millis>
  <sequence>21</sequence>
  <level>START</level>
  <class>com.kms.katalon.core.logging.XmlKeywordLogger</class>
  <method>startKeyword</method>
  <thread>1</thread>
  <message>Start action : config().setDocumentTitle(\&amp;quot;Extent Report\&amp;quot;)</message>
  <nestedLevel>1</nestedLevel>
  <property name="startLine">81</property>
  <property name="stepIndex">8</property>
</record>
<record>
  <date>2020-08-19T19:10:22</date>
  <millis>1597844422732</millis>
  <sequence>22</sequence>
  <level>END</level>
  <class>com.kms.katalon.core.logging.XmlKeywordLogger</class>
  <method>endKeyword</method>
  <thread>1</thread>
  <message>End action : config().setDocumentTitle(\&amp;quot;Extent Report\&amp;quot;)</message>
  <nestedLevel>1</nestedLevel>
</record>
<record>
  <date>2020-08-19T19:10:22</date>
  <millis>1597844422732</millis>
  <sequence>23</sequence>
  <level>START</level>
  <class>com.kms.katalon.core.logging.XmlKeywordLogger</class>
  <method>startKeyword</method>
  <thread>1</thread>
  <message>Start action : config().setReportName(\&amp;quot;Functional Testing\&amp;quot;)</message>
  <nestedLevel>1</nestedLevel>
  <property name="startLine">82</property>
  <property name="stepIndex">9</property>
</record>
<record>
  <date>2020-08-19T19:10:22</date>
  <millis>1597844422734</millis>
  <sequence>24</sequence>
  <level>END</level>
  <class>com.kms.katalon.core.logging.XmlKeywordLogger</class>
  <method>endKeyword</method>
  <thread>1</thread>
  <message>End action : config().setReportName(\&amp;quot;Functional Testing\&amp;quot;)</message>
  <nestedLevel>1</nestedLevel>
</record>
<record>
  <date>2020-08-19T19:10:22</date>
  <millis>1597844422734</millis>
  <sequence>25</sequence>
  <level>START</level>
  <class>com.kms.katalon.core.logging.XmlKeywordLogger</class>
  <method>startKeyword</method>
  <thread>1</thread>
  <message>Start action : config().setTheme(DARK)</message>
  <nestedLevel>1</nestedLevel>
  <property name="startLine">83</property>
  <property name="stepIndex">10</property>
</record>
<record>
  <date>2020-08-19T19:10:22</date>
  <millis>1597844422747</millis>
  <sequence>26</sequence>
  <level>END</level>
  <class>com.kms.katalon.core.logging.XmlKeywordLogger</class>
  <method>endKeyword</method>
  <thread>1</thread>
  <message>End action : config().setTheme(DARK)</message>
  <nestedLevel>1</nestedLevel>
</record>
<record>
  <date>2020-08-19T19:10:22</date>
  <millis>1597844422747</millis>
  <sequence>27</sequence>
  <level>START</level>
  <class>com.kms.katalon.core.logging.XmlKeywordLogger</class>
  <method>startKeyword</method>
  <thread>1</thread>
  <message>Start action : extent.attachReporter(htmlReporter1)</message>
  <nestedLevel>1</nestedLevel>
  <property name="startLine">87</property>
  <property name="stepIndex">11</property>
</record>
<record>
  <date>2020-08-19T19:10:22</date>
  <millis>1597844422947</millis>
  <sequence>28</sequence>
  <level>END</level>
  <class>com.kms.katalon.core.logging.XmlKeywordLogger</class>
  <method>endKeyword</method>
  <thread>1</thread>
  <message>End action : extent.attachReporter(htmlReporter1)</message>
  <nestedLevel>1</nestedLevel>
</record>
<record>
  <date>2020-08-19T19:10:22</date>
  <millis>1597844422947</millis>
  <sequence>29</sequence>
  <level>START</level>
  <class>com.kms.katalon.core.logging.XmlKeywordLogger</class>
  <method>startKeyword</method>
  <thread>1</thread>
  <message>Start action : println(\&amp;quot;@@@@\&amp;quot;)</message>
  <nestedLevel>1</nestedLevel>
  <property name="startLine">88</property>
  <property name="stepIndex">12</property>
</record>
<record>
  <date>2020-08-19T19:10:22</date>
  <millis>1597844422948</millis>
  <sequence>30</sequence>
  <level>END</level>
  <class>com.kms.katalon.core.logging.XmlKeywordLogger</class>
  <method>endKeyword</method>
  <thread>1</thread>
  <message>End action : println(\&amp;quot;@@@@\&amp;quot;)</message>
  <nestedLevel>1</nestedLevel>
</record>
<record>
  <date>2020-08-19T19:10:22</date>
  <millis>1597844422949</millis>
  <sequence>31</sequence>
  <level>START</level>
  <class>com.kms.katalon.core.logging.XmlKeywordLogger</class>
  <method>startKeyword</method>
  <thread>1</thread>
  <message>Start action : extent.setSystemInfo(\&amp;quot;Host name\&amp;quot;, \&amp;quot;localhost\&amp;quot;)</message>
  <nestedLevel>1</nestedLevel>
  <property name="startLine">91</property>
  <property name="stepIndex">13</property>
</record>
<record>
  <date>2020-08-19T19:10:22</date>
  <millis>1597844422950</millis>
  <sequence>32</sequence>
  <level>END</level>
  <class>com.kms.katalon.core.logging.XmlKeywordLogger</class>
  <method>endKeyword</method>
  <thread>1</thread>
  <message>End action : extent.setSystemInfo(\&amp;quot;Host name\&amp;quot;, \&amp;quot;localhost\&amp;quot;)</message>
  <nestedLevel>1</nestedLevel>
</record>
<record>
  <date>2020-08-19T19:10:22</date>
  <millis>1597844422951</millis>
  <sequence>33</sequence>
  <level>START</level>
  <class>com.kms.katalon.core.logging.XmlKeywordLogger</class>
  <method>startKeyword</method>
  <thread>1</thread>
  <message>Start action : extent.setSystemInfo(\&amp;quot;Environemnt\&amp;quot;, \&amp;quot;QA\&amp;quot;)</message>
  <nestedLevel>1</nestedLevel>
  <property name="startLine">92</property>
  <property name="stepIndex">14</property>
</record>
<record>
  <date>2020-08-19T19:10:22</date>
  <millis>1597844422952</millis>
  <sequence>34</sequence>
  <level>END</level>
  <class>com.kms.katalon.core.logging.XmlKeywordLogger</class>
  <method>endKeyword</method>
  <thread>1</thread>
  <message>End action : extent.setSystemInfo(\&amp;quot;Environemnt\&amp;quot;, \&amp;quot;QA\&amp;quot;)</message>
  <nestedLevel>1</nestedLevel>
</record>
<record>
  <date>2020-08-19T19:10:22</date>
  <millis>1597844422952</millis>
  <sequence>35</sequence>
  <level>START</level>
  <class>com.kms.katalon.core.logging.XmlKeywordLogger</class>
  <method>startKeyword</method>
  <thread>1</thread>
  <message>Start action : extent.setSystemInfo(\&amp;quot;user\&amp;quot;, \&amp;quot;sainath\&amp;quot;)</message>
  <nestedLevel>1</nestedLevel>
  <property name="startLine">93</property>
  <property name="stepIndex">15</property>
</record>
<record>
  <date>2020-08-19T19:10:22</date>
  <millis>1597844422954</millis>
  <sequence>36</sequence>
  <level>END</level>
  <class>com.kms.katalon.core.logging.XmlKeywordLogger</class>
  <method>endKeyword</method>
  <thread>1</thread>
  <message>End action : extent.setSystemInfo(\&amp;quot;user\&amp;quot;, \&amp;quot;sainath\&amp;quot;)</message>
  <nestedLevel>1</nestedLevel>
</record>
<record>
  <date>2020-08-19T19:10:22</date>
  <millis>1597844422954</millis>
  <sequence>37</sequence>
  <level>START</level>
  <class>com.kms.katalon.core.logging.XmlKeywordLogger</class>
  <method>startKeyword</method>
  <thread>1</thread>
  <message>Start action : extent.setSystemInfo(\&amp;quot;Browser\&amp;quot;, \&amp;quot;chrome\&amp;quot;)</message>
  <nestedLevel>1</nestedLevel>
  <property name="startLine">94</property>
  <property name="stepIndex">16</property>
</record>
<record>
  <date>2020-08-19T19:10:22</date>
  <millis>1597844422955</millis>
  <sequence>38</sequence>
  <level>END</level>
  <class>com.kms.katalon.core.logging.XmlKeywordLogger</class>
  <method>endKeyword</method>
  <thread>1</thread>
  <message>End action : extent.setSystemInfo(\&amp;quot;Browser\&amp;quot;, \&amp;quot;chrome\&amp;quot;)</message>
  <nestedLevel>1</nestedLevel>
</record>
<record>
  <date>2020-08-19T19:10:22</date>
  <millis>1597844422955</millis>
  <sequence>39</sequence>
  <level>START</level>
  <class>com.kms.katalon.core.logging.XmlKeywordLogger</class>
  <method>startKeyword</method>
  <thread>1</thread>
  <message>Start action : println(\&amp;quot;The browserName is ########### \&amp;quot; + browserName)</message>
  <nestedLevel>1</nestedLevel>
  <property name="startLine">96</property>
  <property name="stepIndex">17</property>
</record>
<record>
  <date>2020-08-19T19:10:22</date>
  <millis>1597844422956</millis>
  <sequence>41</sequence>
  <level>END</level>
  <class>com.kms.katalon.core.logging.XmlKeywordLogger</class>
  <method>endKeyword</method>
  <thread>1</thread>
  <message>End action : println(\&amp;quot;The browserName is ########### \&amp;quot; + browserName)</message>
  <nestedLevel>1</nestedLevel>
</record>
<record>
  <date>2020-08-19T19:10:22</date>
  <millis>1597844422956</millis>
  <sequence>42</sequence>
  <level>END</level>
  <class>com.kms.katalon.core.logging.XmlKeywordLogger</class>
  <method>endKeyword</method>
  <thread>1</thread>
  <message>End listener action : sampleBeforeTestSuite</message>
  <nestedLevel>0</nestedLevel>
</record>
<record>
  <date>2020-08-19T19:10:23</date>
  <millis>1597844423220</millis>
  <sequence>43</sequence>
  <level>START</level>
  <class>com.kms.katalon.core.logging.XmlKeywordLogger</class>
  <method>startTest</method>
  <thread>1</thread>
  <message>Start Test Case : Test Cases/Tc_Admin/TC_Login</message>
  <nestedLevel>1</nestedLevel>
  <property name="name">Test Cases/Tc_Admin/TC_Login</property>
  <property name="description"></property>
  <property name="id">Test Cases/Tc_Admin/TC_Login</property>
  <property name="source">C:\\Users\\Group10\\Desktop\\New folder (2)\\ProAcc_Automation_Latest\\ProAcc_Automation_Latest\\Test Cases\\Tc_Admin\\TC_Login.tc</property>
  <property name="tag"></property>
  <property name="isOptional">false</property>
</record>
<record>
  <date>2020-08-19T19:10:23</date>
  <millis>1597844423478</millis>
  <sequence>45</sequence>
  <level>START</level>
  <class>com.kms.katalon.core.logging.XmlKeywordLogger</class>
  <method>startKeyword</method>
  <thread>1</thread>
  <message>Start action : runWithCucumberRunner(testRunner.Login_Runner)</message>
  <nestedLevel>1</nestedLevel>
  <property name="startLine">20</property>
  <property name="stepIndex">1</property>
</record>
<record>
  <date>2020-08-19T19:10:24</date>
  <millis>1597844424832</millis>
  <sequence>47</sequence>
  <level>INFO</level>
  <class>com.kms.katalon.core.logging.XmlKeywordLogger</class>
  <method>logMessage</method>
  <thread>1</thread>
  <message>Starting &amp;apos;Chrome&amp;apos; driver</message>
  <nestedLevel>1</nestedLevel>
</record>
<record>
  <date>2020-08-19T19:10:24</date>
  <millis>1597844424866</millis>
  <sequence>49</sequence>
  <level>INFO</level>
  <class>com.kms.katalon.core.logging.XmlKeywordLogger</class>
  <method>logMessage</method>
  <thread>1</thread>
  <message>Action delay is set to 0 milliseconds</message>
  <nestedLevel>1</nestedLevel>
</record>
<record>
  <date>2020-08-19T19:10:28</date>
  <millis>1597844428933</millis>
  <sequence>51</sequence>
  <level>RUN_DATA</level>
  <class>com.kms.katalon.core.logging.XmlKeywordLogger</class>
  <method>logMessage</method>
  <thread>1</thread>
  <message>sessionId = aca33ce93af664329b20a310d01ca993</message>
  <nestedLevel>1</nestedLevel>
  <property name="sessionId">aca33ce93af664329b20a310d01ca993</property>
</record>
<record>
  <date>2020-08-19T19:10:28</date>
  <millis>1597844428957</millis>
  <sequence>52</sequence>
  <level>RUN_DATA</level>
  <class>com.kms.katalon.core.logging.XmlKeywordLogger</class>
  <method>logMessage</method>
  <thread>1</thread>
  <message>browser = Chrome 84.0.4147.125</message>
  <nestedLevel>1</nestedLevel>
  <property name="browser">Chrome 84.0.4147.125</property>
</record>
<record>
  <date>2020-08-19T19:10:28</date>
  <millis>1597844428958</millis>
  <sequence>53</sequence>
  <level>RUN_DATA</level>
  <class>com.kms.katalon.core.logging.XmlKeywordLogger</class>
  <method>logMessage</method>
  <thread>1</thread>
  <message>platform = Windows 7</message>
  <nestedLevel>1</nestedLevel>
  <property name="platform">Windows 7</property>
</record>
<record>
  <date>2020-08-19T19:10:28</date>
  <millis>1597844428959</millis>
  <sequence>54</sequence>
  <level>RUN_DATA</level>
  <class>com.kms.katalon.core.logging.XmlKeywordLogger</class>
  <method>logMessage</method>
  <thread>1</thread>
  <message>seleniumVersion = 3.141.59</message>
  <nestedLevel>1</nestedLevel>
  <property name="seleniumVersion">3.141.59</property>
</record>
<record>
  <date>2020-08-19T19:10:28</date>
  <millis>1597844428961</millis>
  <sequence>55</sequence>
  <level>RUN_DATA</level>
  <class>com.kms.katalon.core.logging.XmlKeywordLogger</class>
  <method>logMessage</method>
  <thread>1</thread>
  <message>proxyInformation = ProxyInformation { proxyOption=NO_PROXY, proxyServerType=HTTP, username=, password=********, proxyServerAddress=, proxyServerPort=0, executionList=\&amp;quot;\&amp;quot;, isApplyToDesiredCapabilities=true }</message>
  <nestedLevel>1</nestedLevel>
  <property name="proxyInformation">ProxyInformation { proxyOption=NO_PROXY, proxyServerType=HTTP, username=, password=********, proxyServerAddress=, proxyServerPort=0, executionList=\&quot;\&quot;, isApplyToDesiredCapabilities=true }</property>
</record>
<record>
  <date>2020-08-19T19:10:28</date>
  <millis>1597844428969</millis>
  <sequence>56</sequence>
  <level>PASSED</level>
  <class>com.kms.katalon.core.logging.XmlKeywordLogger</class>
  <method>logMessage</method>
  <thread>1</thread>
  <message>Browser is opened with url: &amp;apos;&amp;apos;</message>
  <nestedLevel>1</nestedLevel>
</record>
<record>
  <date>2020-08-19T19:10:30</date>
  <millis>1597844430173</millis>
  <sequence>58</sequence>
  <level>PASSED</level>
  <class>com.kms.katalon.core.logging.XmlKeywordLogger</class>
  <method>logMessage</method>
  <thread>1</thread>
  <message>Current window maximized</message>
  <nestedLevel>1</nestedLevel>
</record>
<record>
  <date>2020-08-19T19:10:35</date>
  <millis>1597844435204</millis>
  <sequence>60</sequence>
  <level>PASSED</level>
  <class>com.kms.katalon.core.logging.XmlKeywordLogger</class>
  <method>logMessage</method>
  <thread>1</thread>
  <message>Delayed 5 second(s)</message>
  <nestedLevel>1</nestedLevel>
</record>
<record>
  <date>2020-08-19T19:10:39</date>
  <millis>1597844439681</millis>
  <sequence>63</sequence>
  <level>PASSED</level>
  <class>com.kms.katalon.core.logging.XmlKeywordLogger</class>
  <method>logMessage</method>
  <thread>1</thread>
  <message>Navigate to &amp;apos;http://123.176.34.15:4041/ProAccQA&amp;apos; successfully</message>
  <nestedLevel>1</nestedLevel>
</record>
<record>
  <date>2020-08-19T19:10:40</date>
  <millis>1597844440482</millis>
  <sequence>79</sequence>
  <level>PASSED</level>
  <class>com.kms.katalon.core.logging.XmlKeywordLogger</class>
  <method>logMessage</method>
  <thread>1</thread>
  <message>Text &amp;apos;Admin&amp;apos; is set on object &amp;apos;Object Repository/Pro_Acc_Login/input_Login_Username&amp;apos;</message>
  <nestedLevel>1</nestedLevel>
</record>
<record>
  <date>2020-08-19T19:10:41</date>
  <millis>1597844441211</millis>
  <sequence>95</sequence>
  <level>PASSED</level>
  <class>com.kms.katalon.core.logging.XmlKeywordLogger</class>
  <method>logMessage</method>
  <thread>1</thread>
  <message>Text &amp;apos;Admin&amp;apos; is set on object &amp;apos;Object Repository/Pro_Acc_Login/input_Login_Password&amp;apos;</message>
  <nestedLevel>1</nestedLevel>
</record>
<record>
  <date>2020-08-19T19:10:43</date>
  <millis>1597844443214</millis>
  <sequence>97</sequence>
  <level>PASSED</level>
  <class>com.kms.katalon.core.logging.XmlKeywordLogger</class>
  <method>logMessage</method>
  <thread>1</thread>
  <message>Delayed 2 second(s)</message>
  <nestedLevel>1</nestedLevel>
</record>
<record>
  <date>2020-08-19T19:10:56</date>
  <millis>1597844456327</millis>
  <sequence>106</sequence>
  <level>PASSED</level>
  <class>com.kms.katalon.core.logging.XmlKeywordLogger</class>
  <method>logMessage</method>
  <thread>1</thread>
  <message>Object: &amp;apos;Object Repository/Pro_Acc_Login/button_Login&amp;apos; is clicked on</message>
  <nestedLevel>1</nestedLevel>
</record>
<record>
  <date>2020-08-19T19:10:59</date>
  <millis>1597844459334</millis>
  <sequence>108</sequence>
  <level>PASSED</level>
  <class>com.kms.katalon.core.logging.XmlKeywordLogger</class>
  <method>logMessage</method>
  <thread>1</thread>
  <message>Delayed 3 second(s)</message>
  <nestedLevel>1</nestedLevel>
</record>
<record>
  <date>2020-08-19T19:10:59</date>
  <millis>1597844459747</millis>
  <sequence>112</sequence>
  <level>PASSED</level>
  <class>com.kms.katalon.core.logging.XmlKeywordLogger</class>
  <method>logMessage</method>
  <thread>1</thread>
  <message>Text &amp;apos;Dashboard&amp;apos; is present on page </message>
  <nestedLevel>1</nestedLevel>
</record>
<record>
  <date>2020-08-19T19:11:02</date>
  <millis>1597844462749</millis>
  <sequence>114</sequence>
  <level>PASSED</level>
  <class>com.kms.katalon.core.logging.XmlKeywordLogger</class>
  <method>logMessage</method>
  <thread>1</thread>
  <message>Delayed 3 second(s)</message>
  <nestedLevel>1</nestedLevel>
</record>
<record>
  <date>2020-08-19T19:11:02</date>
  <millis>1597844462837</millis>
  <sequence>115</sequence>
  <level>PASSED</level>
  <class>com.kms.katalon.core.logging.XmlKeywordLogger</class>
  <method>logMessage</method>
  <thread>1</thread>
  <message>Run with &amp;apos;testRunner.Login_Runner&amp;apos; was passed</message>
  <nestedLevel>1</nestedLevel>
</record>
<record>
  <date>2020-08-19T19:11:02</date>
  <millis>1597844462838</millis>
  <sequence>116</sequence>
  <level>END</level>
  <class>com.kms.katalon.core.logging.XmlKeywordLogger</class>
  <method>endKeyword</method>
  <thread>1</thread>
  <message>End action : runWithCucumberRunner(testRunner.Login_Runner)</message>
  <nestedLevel>1</nestedLevel>
</record>
<record>
  <date>2020-08-19T19:11:02</date>
  <millis>1597844462838</millis>
  <sequence>117</sequence>
  <level>PASSED</level>
  <class>com.kms.katalon.core.logging.XmlKeywordLogger</class>
  <method>logMessage</method>
  <thread>1</thread>
  <message>Test Cases/Tc_Admin/TC_Login</message>
  <nestedLevel>1</nestedLevel>
</record>
<record>
  <date>2020-08-19T19:11:02</date>
  <millis>1597844462838</millis>
  <sequence>118</sequence>
  <level>END</level>
  <class>com.kms.katalon.core.logging.XmlKeywordLogger</class>
  <method>endTest</method>
  <thread>1</thread>
  <message>End Test Case : Test Cases/Tc_Admin/TC_Login</message>
  <nestedLevel>0</nestedLevel>
</record>
<record>
  <date>2020-08-19T19:11:02</date>
  <millis>1597844462842</millis>
  <sequence>119</sequence>
  <level>START</level>
  <class>com.kms.katalon.core.logging.XmlKeywordLogger</class>
  <method>startKeyword</method>
  <thread>1</thread>
  <message>Start listener action : sampleAfterTestSuite</message>
  <nestedLevel>0</nestedLevel>
</record>
<record>
  <date>2020-08-19T19:11:02</date>
  <millis>1597844462843</millis>
  <sequence>121</sequence>
  <level>START</level>
  <class>com.kms.katalon.core.logging.XmlKeywordLogger</class>
  <method>startKeyword</method>
  <thread>1</thread>
  <message>Start action : extent.flush()</message>
  <nestedLevel>1</nestedLevel>
  <property name="startLine">103</property>
  <property name="stepIndex">1</property>
</record>
<record>
  <date>2020-08-19T19:11:03</date>
  <millis>1597844463617</millis>
  <sequence>123</sequence>
  <level>END</level>
  <class>com.kms.katalon.core.logging.XmlKeywordLogger</class>
  <method>endKeyword</method>
  <thread>1</thread>
  <message>End action : extent.flush()</message>
  <nestedLevel>1</nestedLevel>
</record>
<record>
  <date>2020-08-19T19:11:03</date>
  <millis>1597844463617</millis>
  <sequence>124</sequence>
  <level>END</level>
  <class>com.kms.katalon.core.logging.XmlKeywordLogger</class>
  <method>endKeyword</method>
  <thread>1</thread>
  <message>End listener action : sampleAfterTestSuite</message>
  <nestedLevel>0</nestedLevel>
</record>
<record>
  <date>2020-08-19T19:11:04</date>
  <millis>1597844464516</millis>
  <sequence>125</sequence>
  <level>END</level>
  <class>com.kms.katalon.core.logging.XmlKeywordLogger</class>
  <method>endSuite</method>
  <thread>1</thread>
  <message>End Test Suite : Test Suites/ProAcc_Suite</message>
  <nestedLevel>0</nestedLevel>
</record>
</log>
