<?xml version="1.0" encoding="UTF-8" standalone="no"?>
<!DOCTYPE log SYSTEM "logger.dtd">
<log>
<record>
  <date>2020-07-14T08:47:21</date>
  <millis>1594696641803</millis>
  <sequence>0</sequence>
  <level>START</level>
  <class>com.kms.katalon.core.logging.XmlKeywordLogger</class>
  <method>startSuite</method>
  <thread>1</thread>
  <message>Start Test Suite : Test Suites/Pro_Acc_End_to_End_Suite</message>
  <nestedLevel>0</nestedLevel>
  <property name="name">Pro_Acc_End_to_End_Suite</property>
  <property name="description"></property>
  <property name="id">Test Suites/Pro_Acc_End_to_End_Suite</property>
</record>
<record>
  <date>2020-07-14T08:47:21</date>
  <millis>1594696641822</millis>
  <sequence>1</sequence>
  <level>RUN_DATA</level>
  <class>com.kms.katalon.core.logging.XmlKeywordLogger</class>
  <method>logMessage</method>
  <thread>1</thread>
  <message>hostName = Group10 - Group10-PC</message>
  <nestedLevel>0</nestedLevel>
  <property name="hostName">Group10 - Group10-PC</property>
</record>
<record>
  <date>2020-07-14T08:47:21</date>
  <millis>1594696641822</millis>
  <sequence>2</sequence>
  <level>RUN_DATA</level>
  <class>com.kms.katalon.core.logging.XmlKeywordLogger</class>
  <method>logMessage</method>
  <thread>1</thread>
  <message>os = Windows 7 32bit</message>
  <nestedLevel>0</nestedLevel>
  <property name="os">Windows 7 32bit</property>
</record>
<record>
  <date>2020-07-14T08:47:21</date>
  <millis>1594696641823</millis>
  <sequence>3</sequence>
  <level>RUN_DATA</level>
  <class>com.kms.katalon.core.logging.XmlKeywordLogger</class>
  <method>logMessage</method>
  <thread>1</thread>
  <message>hostAddress = 192.168.43.206</message>
  <nestedLevel>0</nestedLevel>
  <property name="hostAddress">192.168.43.206</property>
</record>
<record>
  <date>2020-07-14T08:47:21</date>
  <millis>1594696641824</millis>
  <sequence>4</sequence>
  <level>RUN_DATA</level>
  <class>com.kms.katalon.core.logging.XmlKeywordLogger</class>
  <method>logMessage</method>
  <thread>1</thread>
  <message>katalonVersion = 7.5.10.1</message>
  <nestedLevel>0</nestedLevel>
  <property name="katalonVersion">7.5.10.1</property>
</record>
<record>
  <date>2020-07-14T08:47:21</date>
  <millis>1594696641867</millis>
  <sequence>5</sequence>
  <level>START</level>
  <class>com.kms.katalon.core.logging.XmlKeywordLogger</class>
  <method>startKeyword</method>
  <thread>1</thread>
  <message>Start listener action : sampleBeforeTestSuite</message>
  <nestedLevel>0</nestedLevel>
</record>
<record>
  <date>2020-07-14T08:47:21</date>
  <millis>1594696641879</millis>
  <sequence>7</sequence>
  <level>START</level>
  <class>com.kms.katalon.core.logging.XmlKeywordLogger</class>
  <method>startKeyword</method>
  <thread>1</thread>
  <message>Start action : println(testSuiteContext.getTestSuiteId())</message>
  <nestedLevel>1</nestedLevel>
  <property name="startLine">69</property>
  <property name="stepIndex">1</property>
</record>
<record>
  <date>2020-07-14T08:47:21</date>
  <millis>1594696641888</millis>
  <sequence>8</sequence>
  <level>END</level>
  <class>com.kms.katalon.core.logging.XmlKeywordLogger</class>
  <method>endKeyword</method>
  <thread>1</thread>
  <message>End action : println(testSuiteContext.getTestSuiteId())</message>
  <nestedLevel>1</nestedLevel>
</record>
<record>
  <date>2020-07-14T08:47:21</date>
  <millis>1594696641889</millis>
  <sequence>9</sequence>
  <level>START</level>
  <class>com.kms.katalon.core.logging.XmlKeywordLogger</class>
  <method>startKeyword</method>
  <thread>1</thread>
  <message>Start action : date = new java.util.Date()</message>
  <nestedLevel>1</nestedLevel>
  <property name="startLine">70</property>
  <property name="stepIndex">2</property>
</record>
<record>
  <date>2020-07-14T08:47:21</date>
  <millis>1594696641893</millis>
  <sequence>10</sequence>
  <level>END</level>
  <class>com.kms.katalon.core.logging.XmlKeywordLogger</class>
  <method>endKeyword</method>
  <thread>1</thread>
  <message>End action : date = new java.util.Date()</message>
  <nestedLevel>1</nestedLevel>
</record>
<record>
  <date>2020-07-14T08:47:21</date>
  <millis>1594696641893</millis>
  <sequence>11</sequence>
  <level>START</level>
  <class>com.kms.katalon.core.logging.XmlKeywordLogger</class>
  <method>startKeyword</method>
  <thread>1</thread>
  <message>Start action : dateFormat = new java.text.SimpleDateFormat(yyyyMMdd_hhmmss_a)</message>
  <nestedLevel>1</nestedLevel>
  <property name="startLine">71</property>
  <property name="stepIndex">3</property>
</record>
<record>
  <date>2020-07-14T08:47:21</date>
  <millis>1594696641902</millis>
  <sequence>12</sequence>
  <level>END</level>
  <class>com.kms.katalon.core.logging.XmlKeywordLogger</class>
  <method>endKeyword</method>
  <thread>1</thread>
  <message>End action : dateFormat = new java.text.SimpleDateFormat(yyyyMMdd_hhmmss_a)</message>
  <nestedLevel>1</nestedLevel>
</record>
<record>
  <date>2020-07-14T08:47:21</date>
  <millis>1594696641902</millis>
  <sequence>13</sequence>
  <level>START</level>
  <class>com.kms.katalon.core.logging.XmlKeywordLogger</class>
  <method>startKeyword</method>
  <thread>1</thread>
  <message>Start action : TestReport = \&amp;quot;Test Report\&amp;quot; + format(date).toString()</message>
  <nestedLevel>1</nestedLevel>
  <property name="startLine">72</property>
  <property name="stepIndex">4</property>
</record>
<record>
  <date>2020-07-14T08:47:21</date>
  <millis>1594696641912</millis>
  <sequence>14</sequence>
  <level>END</level>
  <class>com.kms.katalon.core.logging.XmlKeywordLogger</class>
  <method>endKeyword</method>
  <thread>1</thread>
  <message>End action : TestReport = \&amp;quot;Test Report\&amp;quot; + format(date).toString()</message>
  <nestedLevel>1</nestedLevel>
</record>
<record>
  <date>2020-07-14T08:47:21</date>
  <millis>1594696641912</millis>
  <sequence>15</sequence>
  <level>START</level>
  <class>com.kms.katalon.core.logging.XmlKeywordLogger</class>
  <method>startKeyword</method>
  <thread>1</thread>
  <message>Start action : println(\&amp;quot;***************************\&amp;quot; + TestReport)</message>
  <nestedLevel>1</nestedLevel>
  <property name="startLine">73</property>
  <property name="stepIndex">5</property>
</record>
<record>
  <date>2020-07-14T08:47:21</date>
  <millis>1594696641913</millis>
  <sequence>16</sequence>
  <level>END</level>
  <class>com.kms.katalon.core.logging.XmlKeywordLogger</class>
  <method>endKeyword</method>
  <thread>1</thread>
  <message>End action : println(\&amp;quot;***************************\&amp;quot; + TestReport)</message>
  <nestedLevel>1</nestedLevel>
</record>
<record>
  <date>2020-07-14T08:47:21</date>
  <millis>1594696641913</millis>
  <sequence>17</sequence>
  <level>START</level>
  <class>com.kms.katalon.core.logging.XmlKeywordLogger</class>
  <method>startKeyword</method>
  <thread>1</thread>
  <message>Start action : a = 34</message>
  <nestedLevel>1</nestedLevel>
  <property name="startLine">74</property>
  <property name="stepIndex">6</property>
</record>
<record>
  <date>2020-07-14T08:47:21</date>
  <millis>1594696641914</millis>
  <sequence>18</sequence>
  <level>END</level>
  <class>com.kms.katalon.core.logging.XmlKeywordLogger</class>
  <method>endKeyword</method>
  <thread>1</thread>
  <message>End action : a = 34</message>
  <nestedLevel>1</nestedLevel>
</record>
<record>
  <date>2020-07-14T08:47:21</date>
  <millis>1594696641914</millis>
  <sequence>19</sequence>
  <level>START</level>
  <class>com.kms.katalon.core.logging.XmlKeywordLogger</class>
  <method>startKeyword</method>
  <thread>1</thread>
  <message>Start action : htmlReporter1 = new com.aventstack.extentreports.reporter.ExtentHtmlReporter((((java.lang.System.getProperty(user.dir) + /ExtentReports/) + TestReport) + .html))</message>
  <nestedLevel>1</nestedLevel>
  <property name="startLine">75</property>
  <property name="stepIndex">7</property>
</record>
<record>
  <date>2020-07-14T08:47:21</date>
  <millis>1594696641945</millis>
  <sequence>20</sequence>
  <level>END</level>
  <class>com.kms.katalon.core.logging.XmlKeywordLogger</class>
  <method>endKeyword</method>
  <thread>1</thread>
  <message>End action : htmlReporter1 = new com.aventstack.extentreports.reporter.ExtentHtmlReporter((((java.lang.System.getProperty(user.dir) + /ExtentReports/) + TestReport) + .html))</message>
  <nestedLevel>1</nestedLevel>
</record>
<record>
  <date>2020-07-14T08:47:21</date>
  <millis>1594696641946</millis>
  <sequence>21</sequence>
  <level>START</level>
  <class>com.kms.katalon.core.logging.XmlKeywordLogger</class>
  <method>startKeyword</method>
  <thread>1</thread>
  <message>Start action : config().setDocumentTitle(\&amp;quot;Extent Report\&amp;quot;)</message>
  <nestedLevel>1</nestedLevel>
  <property name="startLine">81</property>
  <property name="stepIndex">8</property>
</record>
<record>
  <date>2020-07-14T08:47:21</date>
  <millis>1594696641962</millis>
  <sequence>22</sequence>
  <level>END</level>
  <class>com.kms.katalon.core.logging.XmlKeywordLogger</class>
  <method>endKeyword</method>
  <thread>1</thread>
  <message>End action : config().setDocumentTitle(\&amp;quot;Extent Report\&amp;quot;)</message>
  <nestedLevel>1</nestedLevel>
</record>
<record>
  <date>2020-07-14T08:47:21</date>
  <millis>1594696641963</millis>
  <sequence>23</sequence>
  <level>START</level>
  <class>com.kms.katalon.core.logging.XmlKeywordLogger</class>
  <method>startKeyword</method>
  <thread>1</thread>
  <message>Start action : config().setReportName(\&amp;quot;Functional Testing\&amp;quot;)</message>
  <nestedLevel>1</nestedLevel>
  <property name="startLine">82</property>
  <property name="stepIndex">9</property>
</record>
<record>
  <date>2020-07-14T08:47:21</date>
  <millis>1594696641964</millis>
  <sequence>24</sequence>
  <level>END</level>
  <class>com.kms.katalon.core.logging.XmlKeywordLogger</class>
  <method>endKeyword</method>
  <thread>1</thread>
  <message>End action : config().setReportName(\&amp;quot;Functional Testing\&amp;quot;)</message>
  <nestedLevel>1</nestedLevel>
</record>
<record>
  <date>2020-07-14T08:47:21</date>
  <millis>1594696641965</millis>
  <sequence>25</sequence>
  <level>START</level>
  <class>com.kms.katalon.core.logging.XmlKeywordLogger</class>
  <method>startKeyword</method>
  <thread>1</thread>
  <message>Start action : config().setTheme(DARK)</message>
  <nestedLevel>1</nestedLevel>
  <property name="startLine">83</property>
  <property name="stepIndex">10</property>
</record>
<record>
  <date>2020-07-14T08:47:21</date>
  <millis>1594696641972</millis>
  <sequence>26</sequence>
  <level>END</level>
  <class>com.kms.katalon.core.logging.XmlKeywordLogger</class>
  <method>endKeyword</method>
  <thread>1</thread>
  <message>End action : config().setTheme(DARK)</message>
  <nestedLevel>1</nestedLevel>
</record>
<record>
  <date>2020-07-14T08:47:21</date>
  <millis>1594696641976</millis>
  <sequence>27</sequence>
  <level>START</level>
  <class>com.kms.katalon.core.logging.XmlKeywordLogger</class>
  <method>startKeyword</method>
  <thread>1</thread>
  <message>Start action : extent.attachReporter(htmlReporter1)</message>
  <nestedLevel>1</nestedLevel>
  <property name="startLine">87</property>
  <property name="stepIndex">11</property>
</record>
<record>
  <date>2020-07-14T08:47:22</date>
  <millis>1594696642175</millis>
  <sequence>28</sequence>
  <level>END</level>
  <class>com.kms.katalon.core.logging.XmlKeywordLogger</class>
  <method>endKeyword</method>
  <thread>1</thread>
  <message>End action : extent.attachReporter(htmlReporter1)</message>
  <nestedLevel>1</nestedLevel>
</record>
<record>
  <date>2020-07-14T08:47:22</date>
  <millis>1594696642175</millis>
  <sequence>29</sequence>
  <level>START</level>
  <class>com.kms.katalon.core.logging.XmlKeywordLogger</class>
  <method>startKeyword</method>
  <thread>1</thread>
  <message>Start action : println(\&amp;quot;@@@@\&amp;quot;)</message>
  <nestedLevel>1</nestedLevel>
  <property name="startLine">88</property>
  <property name="stepIndex">12</property>
</record>
<record>
  <date>2020-07-14T08:47:22</date>
  <millis>1594696642176</millis>
  <sequence>30</sequence>
  <level>END</level>
  <class>com.kms.katalon.core.logging.XmlKeywordLogger</class>
  <method>endKeyword</method>
  <thread>1</thread>
  <message>End action : println(\&amp;quot;@@@@\&amp;quot;)</message>
  <nestedLevel>1</nestedLevel>
</record>
<record>
  <date>2020-07-14T08:47:22</date>
  <millis>1594696642176</millis>
  <sequence>31</sequence>
  <level>START</level>
  <class>com.kms.katalon.core.logging.XmlKeywordLogger</class>
  <method>startKeyword</method>
  <thread>1</thread>
  <message>Start action : extent.setSystemInfo(\&amp;quot;Host name\&amp;quot;, \&amp;quot;localhost\&amp;quot;)</message>
  <nestedLevel>1</nestedLevel>
  <property name="startLine">91</property>
  <property name="stepIndex">13</property>
</record>
<record>
  <date>2020-07-14T08:47:22</date>
  <millis>1594696642178</millis>
  <sequence>32</sequence>
  <level>END</level>
  <class>com.kms.katalon.core.logging.XmlKeywordLogger</class>
  <method>endKeyword</method>
  <thread>1</thread>
  <message>End action : extent.setSystemInfo(\&amp;quot;Host name\&amp;quot;, \&amp;quot;localhost\&amp;quot;)</message>
  <nestedLevel>1</nestedLevel>
</record>
<record>
  <date>2020-07-14T08:47:22</date>
  <millis>1594696642178</millis>
  <sequence>33</sequence>
  <level>START</level>
  <class>com.kms.katalon.core.logging.XmlKeywordLogger</class>
  <method>startKeyword</method>
  <thread>1</thread>
  <message>Start action : extent.setSystemInfo(\&amp;quot;Environemnt\&amp;quot;, \&amp;quot;QA\&amp;quot;)</message>
  <nestedLevel>1</nestedLevel>
  <property name="startLine">92</property>
  <property name="stepIndex">14</property>
</record>
<record>
  <date>2020-07-14T08:47:22</date>
  <millis>1594696642179</millis>
  <sequence>34</sequence>
  <level>END</level>
  <class>com.kms.katalon.core.logging.XmlKeywordLogger</class>
  <method>endKeyword</method>
  <thread>1</thread>
  <message>End action : extent.setSystemInfo(\&amp;quot;Environemnt\&amp;quot;, \&amp;quot;QA\&amp;quot;)</message>
  <nestedLevel>1</nestedLevel>
</record>
<record>
  <date>2020-07-14T08:47:22</date>
  <millis>1594696642180</millis>
  <sequence>35</sequence>
  <level>START</level>
  <class>com.kms.katalon.core.logging.XmlKeywordLogger</class>
  <method>startKeyword</method>
  <thread>1</thread>
  <message>Start action : extent.setSystemInfo(\&amp;quot;user\&amp;quot;, \&amp;quot;sainath\&amp;quot;)</message>
  <nestedLevel>1</nestedLevel>
  <property name="startLine">93</property>
  <property name="stepIndex">15</property>
</record>
<record>
  <date>2020-07-14T08:47:22</date>
  <millis>1594696642181</millis>
  <sequence>36</sequence>
  <level>END</level>
  <class>com.kms.katalon.core.logging.XmlKeywordLogger</class>
  <method>endKeyword</method>
  <thread>1</thread>
  <message>End action : extent.setSystemInfo(\&amp;quot;user\&amp;quot;, \&amp;quot;sainath\&amp;quot;)</message>
  <nestedLevel>1</nestedLevel>
</record>
<record>
  <date>2020-07-14T08:47:22</date>
  <millis>1594696642182</millis>
  <sequence>37</sequence>
  <level>START</level>
  <class>com.kms.katalon.core.logging.XmlKeywordLogger</class>
  <method>startKeyword</method>
  <thread>1</thread>
  <message>Start action : extent.setSystemInfo(\&amp;quot;Browser\&amp;quot;, \&amp;quot;chrome\&amp;quot;)</message>
  <nestedLevel>1</nestedLevel>
  <property name="startLine">94</property>
  <property name="stepIndex">16</property>
</record>
<record>
  <date>2020-07-14T08:47:22</date>
  <millis>1594696642183</millis>
  <sequence>38</sequence>
  <level>END</level>
  <class>com.kms.katalon.core.logging.XmlKeywordLogger</class>
  <method>endKeyword</method>
  <thread>1</thread>
  <message>End action : extent.setSystemInfo(\&amp;quot;Browser\&amp;quot;, \&amp;quot;chrome\&amp;quot;)</message>
  <nestedLevel>1</nestedLevel>
</record>
<record>
  <date>2020-07-14T08:47:22</date>
  <millis>1594696642183</millis>
  <sequence>39</sequence>
  <level>START</level>
  <class>com.kms.katalon.core.logging.XmlKeywordLogger</class>
  <method>startKeyword</method>
  <thread>1</thread>
  <message>Start action : println(\&amp;quot;The browserName is ########### \&amp;quot; + browserName)</message>
  <nestedLevel>1</nestedLevel>
  <property name="startLine">96</property>
  <property name="stepIndex">17</property>
</record>
<record>
  <date>2020-07-14T08:47:22</date>
  <millis>1594696642184</millis>
  <sequence>41</sequence>
  <level>END</level>
  <class>com.kms.katalon.core.logging.XmlKeywordLogger</class>
  <method>endKeyword</method>
  <thread>1</thread>
  <message>End action : println(\&amp;quot;The browserName is ########### \&amp;quot; + browserName)</message>
  <nestedLevel>1</nestedLevel>
</record>
<record>
  <date>2020-07-14T08:47:22</date>
  <millis>1594696642184</millis>
  <sequence>42</sequence>
  <level>END</level>
  <class>com.kms.katalon.core.logging.XmlKeywordLogger</class>
  <method>endKeyword</method>
  <thread>1</thread>
  <message>End listener action : sampleBeforeTestSuite</message>
  <nestedLevel>0</nestedLevel>
</record>
<record>
  <date>2020-07-14T08:47:22</date>
  <millis>1594696642516</millis>
  <sequence>43</sequence>
  <level>START</level>
  <class>com.kms.katalon.core.logging.XmlKeywordLogger</class>
  <method>startTest</method>
  <thread>1</thread>
  <message>Start Test Case : Test Cases/Tc_PM/TC_ResourceAllocation_Validation_PM</message>
  <nestedLevel>1</nestedLevel>
  <property name="name">Test Cases/Tc_PM/TC_ResourceAllocation_Validation_PM</property>
  <property name="description"></property>
  <property name="id">Test Cases/Tc_PM/TC_ResourceAllocation_Validation_PM</property>
  <property name="source">C:\\Users\\Group10\\Desktop\\New folder (2)\\ProAcc_Automation_Latest\\ProAcc_Automation_Latest\\Test Cases\\Tc_PM\\TC_ResourceAllocation_Validation_PM.tc</property>
  <property name="tag"></property>
  <property name="isOptional">false</property>
</record>
<record>
  <date>2020-07-14T08:47:22</date>
  <millis>1594696642871</millis>
  <sequence>45</sequence>
  <level>START</level>
  <class>com.kms.katalon.core.logging.XmlKeywordLogger</class>
  <method>startKeyword</method>
  <thread>1</thread>
  <message>Start action : runWithCucumberRunner(pro_acc_test_runner.ResourceAllocation_Validation_PM_Runner)</message>
  <nestedLevel>1</nestedLevel>
  <property name="startLine">20</property>
  <property name="stepIndex">1</property>
</record>
<record>
  <date>2020-07-14T08:47:24</date>
  <millis>1594696644651</millis>
  <sequence>47</sequence>
  <level>INFO</level>
  <class>com.kms.katalon.core.logging.XmlKeywordLogger</class>
  <method>logMessage</method>
  <thread>1</thread>
  <message>Starting &amp;apos;Chrome&amp;apos; driver</message>
  <nestedLevel>1</nestedLevel>
</record>
<record>
  <date>2020-07-14T08:47:24</date>
  <millis>1594696644697</millis>
  <sequence>49</sequence>
  <level>INFO</level>
  <class>com.kms.katalon.core.logging.XmlKeywordLogger</class>
  <method>logMessage</method>
  <thread>1</thread>
  <message>Action delay is set to 0 milliseconds</message>
  <nestedLevel>1</nestedLevel>
</record>
<record>
  <date>2020-07-14T08:47:32</date>
  <millis>1594696652394</millis>
  <sequence>51</sequence>
  <level>RUN_DATA</level>
  <class>com.kms.katalon.core.logging.XmlKeywordLogger</class>
  <method>logMessage</method>
  <thread>1</thread>
  <message>sessionId = 43206225f8b4763f6bdb0ca553268b2e</message>
  <nestedLevel>1</nestedLevel>
  <property name="sessionId">43206225f8b4763f6bdb0ca553268b2e</property>
</record>
<record>
  <date>2020-07-14T08:47:32</date>
  <millis>1594696652409</millis>
  <sequence>52</sequence>
  <level>RUN_DATA</level>
  <class>com.kms.katalon.core.logging.XmlKeywordLogger</class>
  <method>logMessage</method>
  <thread>1</thread>
  <message>browser = Chrome 83.0.4103.116</message>
  <nestedLevel>1</nestedLevel>
  <property name="browser">Chrome 83.0.4103.116</property>
</record>
<record>
  <date>2020-07-14T08:47:32</date>
  <millis>1594696652410</millis>
  <sequence>53</sequence>
  <level>RUN_DATA</level>
  <class>com.kms.katalon.core.logging.XmlKeywordLogger</class>
  <method>logMessage</method>
  <thread>1</thread>
  <message>platform = Windows 7</message>
  <nestedLevel>1</nestedLevel>
  <property name="platform">Windows 7</property>
</record>
<record>
  <date>2020-07-14T08:47:32</date>
  <millis>1594696652410</millis>
  <sequence>54</sequence>
  <level>RUN_DATA</level>
  <class>com.kms.katalon.core.logging.XmlKeywordLogger</class>
  <method>logMessage</method>
  <thread>1</thread>
  <message>seleniumVersion = 3.141.59</message>
  <nestedLevel>1</nestedLevel>
  <property name="seleniumVersion">3.141.59</property>
</record>
<record>
  <date>2020-07-14T08:47:32</date>
  <millis>1594696652411</millis>
  <sequence>55</sequence>
  <level>RUN_DATA</level>
  <class>com.kms.katalon.core.logging.XmlKeywordLogger</class>
  <method>logMessage</method>
  <thread>1</thread>
  <message>proxyInformation = ProxyInformation { proxyOption=NO_PROXY, proxyServerType=HTTP, username=, password=********, proxyServerAddress=, proxyServerPort=0, executionList=\&amp;quot;\&amp;quot;, isApplyToDesiredCapabilities=true }</message>
  <nestedLevel>1</nestedLevel>
  <property name="proxyInformation">ProxyInformation { proxyOption=NO_PROXY, proxyServerType=HTTP, username=, password=********, proxyServerAddress=, proxyServerPort=0, executionList=\&quot;\&quot;, isApplyToDesiredCapabilities=true }</property>
</record>
<record>
  <date>2020-07-14T08:47:32</date>
  <millis>1594696652418</millis>
  <sequence>56</sequence>
  <level>PASSED</level>
  <class>com.kms.katalon.core.logging.XmlKeywordLogger</class>
  <method>logMessage</method>
  <thread>1</thread>
  <message>Browser is opened with url: &amp;apos;&amp;apos;</message>
  <nestedLevel>1</nestedLevel>
</record>
<record>
  <date>2020-07-14T08:47:33</date>
  <millis>1594696653551</millis>
  <sequence>58</sequence>
  <level>PASSED</level>
  <class>com.kms.katalon.core.logging.XmlKeywordLogger</class>
  <method>logMessage</method>
  <thread>1</thread>
  <message>Current window maximized</message>
  <nestedLevel>1</nestedLevel>
</record>
<record>
  <date>2020-07-14T08:47:38</date>
  <millis>1594696658579</millis>
  <sequence>60</sequence>
  <level>PASSED</level>
  <class>com.kms.katalon.core.logging.XmlKeywordLogger</class>
  <method>logMessage</method>
  <thread>1</thread>
  <message>Delayed 5 second(s)</message>
  <nestedLevel>1</nestedLevel>
</record>
<record>
  <date>2020-07-14T08:47:51</date>
  <millis>1594696671833</millis>
  <sequence>63</sequence>
  <level>PASSED</level>
  <class>com.kms.katalon.core.logging.XmlKeywordLogger</class>
  <method>logMessage</method>
  <thread>1</thread>
  <message>Navigate to &amp;apos;http://123.176.34.15:4041/ProAccQA&amp;apos; successfully</message>
  <nestedLevel>1</nestedLevel>
</record>
<record>
  <date>2020-07-14T08:47:52</date>
  <millis>1594696672676</millis>
  <sequence>79</sequence>
  <level>PASSED</level>
  <class>com.kms.katalon.core.logging.XmlKeywordLogger</class>
  <method>logMessage</method>
  <thread>1</thread>
  <message>Text &amp;apos;Alexa_PM&amp;apos; is set on object &amp;apos;Object Repository/Pro_Acc_Login/input_Login_Username&amp;apos;</message>
  <nestedLevel>1</nestedLevel>
</record>
<record>
  <date>2020-07-14T08:47:53</date>
  <millis>1594696673300</millis>
  <sequence>95</sequence>
  <level>PASSED</level>
  <class>com.kms.katalon.core.logging.XmlKeywordLogger</class>
  <method>logMessage</method>
  <thread>1</thread>
  <message>Text &amp;apos;123&amp;apos; is set on object &amp;apos;Object Repository/Pro_Acc_Login/input_Login_Password&amp;apos;</message>
  <nestedLevel>1</nestedLevel>
</record>
<record>
  <date>2020-07-14T08:47:55</date>
  <millis>1594696675303</millis>
  <sequence>97</sequence>
  <level>PASSED</level>
  <class>com.kms.katalon.core.logging.XmlKeywordLogger</class>
  <method>logMessage</method>
  <thread>1</thread>
  <message>Delayed 2 second(s)</message>
  <nestedLevel>1</nestedLevel>
</record>
<record>
  <date>2020-07-14T08:48:14</date>
  <millis>1594696694629</millis>
  <sequence>106</sequence>
  <level>PASSED</level>
  <class>com.kms.katalon.core.logging.XmlKeywordLogger</class>
  <method>logMessage</method>
  <thread>1</thread>
  <message>Object: &amp;apos;Object Repository/Pro_Acc_Login/button_Login&amp;apos; is clicked on</message>
  <nestedLevel>1</nestedLevel>
</record>
<record>
  <date>2020-07-14T08:48:17</date>
  <millis>1594696697635</millis>
  <sequence>108</sequence>
  <level>PASSED</level>
  <class>com.kms.katalon.core.logging.XmlKeywordLogger</class>
  <method>logMessage</method>
  <thread>1</thread>
  <message>Delayed 3 second(s)</message>
  <nestedLevel>1</nestedLevel>
</record>
<record>
  <date>2020-07-14T08:48:18</date>
  <millis>1594696698052</millis>
  <sequence>112</sequence>
  <level>PASSED</level>
  <class>com.kms.katalon.core.logging.XmlKeywordLogger</class>
  <method>logMessage</method>
  <thread>1</thread>
  <message>Text &amp;apos;Dashboard&amp;apos; is present on page </message>
  <nestedLevel>1</nestedLevel>
</record>
<record>
  <date>2020-07-14T08:48:21</date>
  <millis>1594696701054</millis>
  <sequence>114</sequence>
  <level>PASSED</level>
  <class>com.kms.katalon.core.logging.XmlKeywordLogger</class>
  <method>logMessage</method>
  <thread>1</thread>
  <message>Delayed 3 second(s)</message>
  <nestedLevel>1</nestedLevel>
</record>
<record>
  <date>2020-07-14T08:48:21</date>
  <millis>1594696701485</millis>
  <sequence>123</sequence>
  <level>PASSED</level>
  <class>com.kms.katalon.core.logging.XmlKeywordLogger</class>
  <method>logMessage</method>
  <thread>1</thread>
  <message>Object: &amp;apos;Object Repository/Pro_Acc_Validation/Validation&amp;apos; is clicked on</message>
  <nestedLevel>1</nestedLevel>
</record>
<record>
  <date>2020-07-14T08:48:27</date>
  <millis>1594696707627</millis>
  <sequence>132</sequence>
  <level>PASSED</level>
  <class>com.kms.katalon.core.logging.XmlKeywordLogger</class>
  <method>logMessage</method>
  <thread>1</thread>
  <message>Object: &amp;apos;Object Repository/Pro_Acc_Validation/ResourceAllocation_Validation_PM&amp;apos; is clicked on</message>
  <nestedLevel>1</nestedLevel>
</record>
<record>
  <date>2020-07-14T08:48:29</date>
  <millis>1594696709634</millis>
  <sequence>134</sequence>
  <level>PASSED</level>
  <class>com.kms.katalon.core.logging.XmlKeywordLogger</class>
  <method>logMessage</method>
  <thread>1</thread>
  <message>Delayed 2 second(s)</message>
  <nestedLevel>1</nestedLevel>
</record>
<record>
  <date>2020-07-14T08:48:30</date>
  <millis>1594696710212</millis>
  <sequence>143</sequence>
  <level>PASSED</level>
  <class>com.kms.katalon.core.logging.XmlKeywordLogger</class>
  <method>logMessage</method>
  <thread>1</thread>
  <message>Object: &amp;apos;Object Repository/Pro_Acc_Assessment/Pro_Acc_ResourceAllocation/select_SelectProject&amp;apos; is clicked on</message>
  <nestedLevel>1</nestedLevel>
</record>
<record>
  <date>2020-07-14T08:48:31</date>
  <millis>1594696711277</millis>
  <sequence>156</sequence>
  <level>PASSED</level>
  <class>com.kms.katalon.core.logging.XmlKeywordLogger</class>
  <method>logMessage</method>
  <thread>1</thread>
  <message>All options with label &amp;apos;Alexa Pilot Phase Test&amp;apos; are selected in object &amp;apos;Object Repository/Pro_Acc_Assessment/Pro_Acc_ResourceAllocation/select_SelectProject&amp;apos;  using regular expression</message>
  <nestedLevel>1</nestedLevel>
</record>
<record>
  <date>2020-07-14T08:48:33</date>
  <millis>1594696713281</millis>
  <sequence>158</sequence>
  <level>PASSED</level>
  <class>com.kms.katalon.core.logging.XmlKeywordLogger</class>
  <method>logMessage</method>
  <thread>1</thread>
  <message>Delayed 2 second(s)</message>
  <nestedLevel>1</nestedLevel>
</record>
<record>
  <date>2020-07-14T08:48:33</date>
  <millis>1594696713742</millis>
  <sequence>167</sequence>
  <level>PASSED</level>
  <class>com.kms.katalon.core.logging.XmlKeywordLogger</class>
  <method>logMessage</method>
  <thread>1</thread>
  <message>Object: &amp;apos;Object Repository/Pro_Acc_Assessment/Pro_Acc_ResourceAllocation/select_SelectInstance&amp;apos; is clicked on</message>
  <nestedLevel>1</nestedLevel>
</record>
<record>
  <date>2020-07-14T08:48:34</date>
  <millis>1594696714836</millis>
  <sequence>180</sequence>
  <level>PASSED</level>
  <class>com.kms.katalon.core.logging.XmlKeywordLogger</class>
  <method>logMessage</method>
  <thread>1</thread>
  <message>All options with label &amp;apos;A03&amp;apos; are selected in object &amp;apos;Object Repository/Pro_Acc_Assessment/Pro_Acc_ResourceAllocation/select_SelectInstance&amp;apos;  using regular expression</message>
  <nestedLevel>1</nestedLevel>
</record>
<record>
  <date>2020-07-14T08:48:36</date>
  <millis>1594696716838</millis>
  <sequence>182</sequence>
  <level>PASSED</level>
  <class>com.kms.katalon.core.logging.XmlKeywordLogger</class>
  <method>logMessage</method>
  <thread>1</thread>
  <message>Delayed 2 second(s)</message>
  <nestedLevel>1</nestedLevel>
</record>
<record>
  <date>2020-07-14T08:48:39</date>
  <millis>1594696719212</millis>
  <sequence>190</sequence>
  <level>PASSED</level>
  <class>com.kms.katalon.core.logging.XmlKeywordLogger</class>
  <method>logMessage</method>
  <thread>1</thread>
  <message>Delayed 2 second(s)</message>
  <nestedLevel>1</nestedLevel>
</record>
<record>
  <date>2020-07-14T08:48:42</date>
  <millis>1594696722227</millis>
  <sequence>192</sequence>
  <level>PASSED</level>
  <class>com.kms.katalon.core.logging.XmlKeywordLogger</class>
  <method>logMessage</method>
  <thread>1</thread>
  <message>Delayed 3 second(s)</message>
  <nestedLevel>1</nestedLevel>
</record>
<record>
  <date>2020-07-14T08:48:44</date>
  <millis>1594696724258</millis>
  <sequence>194</sequence>
  <level>PASSED</level>
  <class>com.kms.katalon.core.logging.XmlKeywordLogger</class>
  <method>logMessage</method>
  <thread>1</thread>
  <message>Delayed 2 second(s)</message>
  <nestedLevel>1</nestedLevel>
</record>
