<?xml version="1.0" encoding="UTF-8" standalone="no"?>
<!DOCTYPE log SYSTEM "logger.dtd">
<log>
<record>
  <date>2020-08-19T19:03:47</date>
  <millis>1597844027128</millis>
  <sequence>0</sequence>
  <level>START</level>
  <class>com.kms.katalon.core.logging.XmlKeywordLogger</class>
  <method>startSuite</method>
  <thread>1</thread>
  <message>Start Test Suite : Test Suites/ProAcc_Suite</message>
  <nestedLevel>0</nestedLevel>
  <property name="name">ProAcc_Suite</property>
  <property name="description"></property>
  <property name="id">Test Suites/ProAcc_Suite</property>
  <property name="stopImmediately">false</property>
</record>
<record>
  <date>2020-08-19T19:03:47</date>
  <millis>1597844027154</millis>
  <sequence>1</sequence>
  <level>RUN_DATA</level>
  <class>com.kms.katalon.core.logging.XmlKeywordLogger</class>
  <method>logMessage</method>
  <thread>1</thread>
  <message>hostName = Group10 - Group10-PC</message>
  <nestedLevel>0</nestedLevel>
  <property name="hostName">Group10 - Group10-PC</property>
</record>
<record>
  <date>2020-08-19T19:03:47</date>
  <millis>1597844027155</millis>
  <sequence>2</sequence>
  <level>RUN_DATA</level>
  <class>com.kms.katalon.core.logging.XmlKeywordLogger</class>
  <method>logMessage</method>
  <thread>1</thread>
  <message>os = Windows 7 32bit</message>
  <nestedLevel>0</nestedLevel>
  <property name="os">Windows 7 32bit</property>
</record>
<record>
  <date>2020-08-19T19:03:47</date>
  <millis>1597844027156</millis>
  <sequence>3</sequence>
  <level>RUN_DATA</level>
  <class>com.kms.katalon.core.logging.XmlKeywordLogger</class>
  <method>logMessage</method>
  <thread>1</thread>
  <message>hostAddress = 192.168.43.206</message>
  <nestedLevel>0</nestedLevel>
  <property name="hostAddress">192.168.43.206</property>
</record>
<record>
  <date>2020-08-19T19:03:47</date>
  <millis>1597844027157</millis>
  <sequence>4</sequence>
  <level>RUN_DATA</level>
  <class>com.kms.katalon.core.logging.XmlKeywordLogger</class>
  <method>logMessage</method>
  <thread>1</thread>
  <message>katalonVersion = 7.6.1.205</message>
  <nestedLevel>0</nestedLevel>
  <property name="katalonVersion">7.6.1.205</property>
</record>
<record>
  <date>2020-08-19T19:03:47</date>
  <millis>1597844027186</millis>
  <sequence>5</sequence>
  <level>START</level>
  <class>com.kms.katalon.core.logging.XmlKeywordLogger</class>
  <method>startKeyword</method>
  <thread>1</thread>
  <message>Start listener action : sampleBeforeTestSuite</message>
  <nestedLevel>0</nestedLevel>
</record>
<record>
  <date>2020-08-19T19:03:47</date>
  <millis>1597844027201</millis>
  <sequence>7</sequence>
  <level>START</level>
  <class>com.kms.katalon.core.logging.XmlKeywordLogger</class>
  <method>startKeyword</method>
  <thread>1</thread>
  <message>Start action : println(testSuiteContext.getTestSuiteId())</message>
  <nestedLevel>1</nestedLevel>
  <property name="startLine">69</property>
  <property name="stepIndex">1</property>
</record>
<record>
  <date>2020-08-19T19:03:47</date>
  <millis>1597844027214</millis>
  <sequence>8</sequence>
  <level>END</level>
  <class>com.kms.katalon.core.logging.XmlKeywordLogger</class>
  <method>endKeyword</method>
  <thread>1</thread>
  <message>End action : println(testSuiteContext.getTestSuiteId())</message>
  <nestedLevel>1</nestedLevel>
</record>
<record>
  <date>2020-08-19T19:03:47</date>
  <millis>1597844027217</millis>
  <sequence>9</sequence>
  <level>START</level>
  <class>com.kms.katalon.core.logging.XmlKeywordLogger</class>
  <method>startKeyword</method>
  <thread>1</thread>
  <message>Start action : date = new java.util.Date()</message>
  <nestedLevel>1</nestedLevel>
  <property name="startLine">70</property>
  <property name="stepIndex">2</property>
</record>
<record>
  <date>2020-08-19T19:03:47</date>
  <millis>1597844027230</millis>
  <sequence>10</sequence>
  <level>END</level>
  <class>com.kms.katalon.core.logging.XmlKeywordLogger</class>
  <method>endKeyword</method>
  <thread>1</thread>
  <message>End action : date = new java.util.Date()</message>
  <nestedLevel>1</nestedLevel>
</record>
<record>
  <date>2020-08-19T19:03:47</date>
  <millis>1597844027230</millis>
  <sequence>11</sequence>
  <level>START</level>
  <class>com.kms.katalon.core.logging.XmlKeywordLogger</class>
  <method>startKeyword</method>
  <thread>1</thread>
  <message>Start action : dateFormat = new java.text.SimpleDateFormat(yyyyMMdd_hhmmss_a)</message>
  <nestedLevel>1</nestedLevel>
  <property name="startLine">71</property>
  <property name="stepIndex">3</property>
</record>
<record>
  <date>2020-08-19T19:03:47</date>
  <millis>1597844027247</millis>
  <sequence>12</sequence>
  <level>END</level>
  <class>com.kms.katalon.core.logging.XmlKeywordLogger</class>
  <method>endKeyword</method>
  <thread>1</thread>
  <message>End action : dateFormat = new java.text.SimpleDateFormat(yyyyMMdd_hhmmss_a)</message>
  <nestedLevel>1</nestedLevel>
</record>
<record>
  <date>2020-08-19T19:03:47</date>
  <millis>1597844027247</millis>
  <sequence>13</sequence>
  <level>START</level>
  <class>com.kms.katalon.core.logging.XmlKeywordLogger</class>
  <method>startKeyword</method>
  <thread>1</thread>
  <message>Start action : TestReport = \&amp;quot;Test Report\&amp;quot; + format(date).toString()</message>
  <nestedLevel>1</nestedLevel>
  <property name="startLine">72</property>
  <property name="stepIndex">4</property>
</record>
<record>
  <date>2020-08-19T19:03:47</date>
  <millis>1597844027260</millis>
  <sequence>14</sequence>
  <level>END</level>
  <class>com.kms.katalon.core.logging.XmlKeywordLogger</class>
  <method>endKeyword</method>
  <thread>1</thread>
  <message>End action : TestReport = \&amp;quot;Test Report\&amp;quot; + format(date).toString()</message>
  <nestedLevel>1</nestedLevel>
</record>
<record>
  <date>2020-08-19T19:03:47</date>
  <millis>1597844027260</millis>
  <sequence>15</sequence>
  <level>START</level>
  <class>com.kms.katalon.core.logging.XmlKeywordLogger</class>
  <method>startKeyword</method>
  <thread>1</thread>
  <message>Start action : println(\&amp;quot;***************************\&amp;quot; + TestReport)</message>
  <nestedLevel>1</nestedLevel>
  <property name="startLine">73</property>
  <property name="stepIndex">5</property>
</record>
<record>
  <date>2020-08-19T19:03:47</date>
  <millis>1597844027261</millis>
  <sequence>16</sequence>
  <level>END</level>
  <class>com.kms.katalon.core.logging.XmlKeywordLogger</class>
  <method>endKeyword</method>
  <thread>1</thread>
  <message>End action : println(\&amp;quot;***************************\&amp;quot; + TestReport)</message>
  <nestedLevel>1</nestedLevel>
</record>
<record>
  <date>2020-08-19T19:03:47</date>
  <millis>1597844027261</millis>
  <sequence>17</sequence>
  <level>START</level>
  <class>com.kms.katalon.core.logging.XmlKeywordLogger</class>
  <method>startKeyword</method>
  <thread>1</thread>
  <message>Start action : a = 34</message>
  <nestedLevel>1</nestedLevel>
  <property name="startLine">74</property>
  <property name="stepIndex">6</property>
</record>
<record>
  <date>2020-08-19T19:03:47</date>
  <millis>1597844027262</millis>
  <sequence>18</sequence>
  <level>END</level>
  <class>com.kms.katalon.core.logging.XmlKeywordLogger</class>
  <method>endKeyword</method>
  <thread>1</thread>
  <message>End action : a = 34</message>
  <nestedLevel>1</nestedLevel>
</record>
<record>
  <date>2020-08-19T19:03:47</date>
  <millis>1597844027262</millis>
  <sequence>19</sequence>
  <level>START</level>
  <class>com.kms.katalon.core.logging.XmlKeywordLogger</class>
  <method>startKeyword</method>
  <thread>1</thread>
  <message>Start action : htmlReporter1 = new com.aventstack.extentreports.reporter.ExtentHtmlReporter((java.lang.System.getProperty(user.dir) + /Test@ExtentReport/myReport.html))</message>
  <nestedLevel>1</nestedLevel>
  <property name="startLine">79</property>
  <property name="stepIndex">7</property>
</record>
<record>
  <date>2020-08-19T19:03:47</date>
  <millis>1597844027291</millis>
  <sequence>20</sequence>
  <level>END</level>
  <class>com.kms.katalon.core.logging.XmlKeywordLogger</class>
  <method>endKeyword</method>
  <thread>1</thread>
  <message>End action : htmlReporter1 = new com.aventstack.extentreports.reporter.ExtentHtmlReporter((java.lang.System.getProperty(user.dir) + /Test@ExtentReport/myReport.html))</message>
  <nestedLevel>1</nestedLevel>
</record>
<record>
  <date>2020-08-19T19:03:47</date>
  <millis>1597844027292</millis>
  <sequence>21</sequence>
  <level>START</level>
  <class>com.kms.katalon.core.logging.XmlKeywordLogger</class>
  <method>startKeyword</method>
  <thread>1</thread>
  <message>Start action : config().setDocumentTitle(\&amp;quot;Extent Report\&amp;quot;)</message>
  <nestedLevel>1</nestedLevel>
  <property name="startLine">81</property>
  <property name="stepIndex">8</property>
</record>
<record>
  <date>2020-08-19T19:03:47</date>
  <millis>1597844027311</millis>
  <sequence>22</sequence>
  <level>END</level>
  <class>com.kms.katalon.core.logging.XmlKeywordLogger</class>
  <method>endKeyword</method>
  <thread>1</thread>
  <message>End action : config().setDocumentTitle(\&amp;quot;Extent Report\&amp;quot;)</message>
  <nestedLevel>1</nestedLevel>
</record>
<record>
  <date>2020-08-19T19:03:47</date>
  <millis>1597844027312</millis>
  <sequence>23</sequence>
  <level>START</level>
  <class>com.kms.katalon.core.logging.XmlKeywordLogger</class>
  <method>startKeyword</method>
  <thread>1</thread>
  <message>Start action : config().setReportName(\&amp;quot;Functional Testing\&amp;quot;)</message>
  <nestedLevel>1</nestedLevel>
  <property name="startLine">82</property>
  <property name="stepIndex">9</property>
</record>
<record>
  <date>2020-08-19T19:03:47</date>
  <millis>1597844027314</millis>
  <sequence>24</sequence>
  <level>END</level>
  <class>com.kms.katalon.core.logging.XmlKeywordLogger</class>
  <method>endKeyword</method>
  <thread>1</thread>
  <message>End action : config().setReportName(\&amp;quot;Functional Testing\&amp;quot;)</message>
  <nestedLevel>1</nestedLevel>
</record>
<record>
  <date>2020-08-19T19:03:47</date>
  <millis>1597844027314</millis>
  <sequence>25</sequence>
  <level>START</level>
  <class>com.kms.katalon.core.logging.XmlKeywordLogger</class>
  <method>startKeyword</method>
  <thread>1</thread>
  <message>Start action : config().setTheme(DARK)</message>
  <nestedLevel>1</nestedLevel>
  <property name="startLine">83</property>
  <property name="stepIndex">10</property>
</record>
<record>
  <date>2020-08-19T19:03:47</date>
  <millis>1597844027325</millis>
  <sequence>26</sequence>
  <level>END</level>
  <class>com.kms.katalon.core.logging.XmlKeywordLogger</class>
  <method>endKeyword</method>
  <thread>1</thread>
  <message>End action : config().setTheme(DARK)</message>
  <nestedLevel>1</nestedLevel>
</record>
<record>
  <date>2020-08-19T19:03:47</date>
  <millis>1597844027325</millis>
  <sequence>27</sequence>
  <level>START</level>
  <class>com.kms.katalon.core.logging.XmlKeywordLogger</class>
  <method>startKeyword</method>
  <thread>1</thread>
  <message>Start action : CSS = \&amp;quot;\&amp;quot;</message>
  <nestedLevel>1</nestedLevel>
  <property name="startLine">85</property>
  <property name="stepIndex">11</property>
</record>
<record>
  <date>2020-08-19T19:03:47</date>
  <millis>1597844027326</millis>
  <sequence>28</sequence>
  <level>END</level>
  <class>com.kms.katalon.core.logging.XmlKeywordLogger</class>
  <method>endKeyword</method>
  <thread>1</thread>
  <message>End action : CSS = \&amp;quot;\&amp;quot;</message>
  <nestedLevel>1</nestedLevel>
</record>
<record>
  <date>2020-08-19T19:03:47</date>
  <millis>1597844027326</millis>
  <sequence>29</sequence>
  <level>START</level>
  <class>com.kms.katalon.core.logging.XmlKeywordLogger</class>
  <method>startKeyword</method>
  <thread>1</thread>
  <message>Start action : DocumentTitle = \&amp;quot;Email Report\&amp;quot;</message>
  <nestedLevel>1</nestedLevel>
  <property name="startLine">86</property>
  <property name="stepIndex">12</property>
</record>
<record>
  <date>2020-08-19T19:03:47</date>
  <millis>1597844027378</millis>
  <sequence>32</sequence>
  <level>ERROR</level>
  <class>com.kms.katalon.core.logging.XmlKeywordLogger</class>
  <method>logMessage</method>
  <thread>1</thread>
  <message>groovy.lang.MissingPropertyException: No such property: config for class: com.aventstack.extentreports.reporter.ExtentHtmlReporter\r\n\tat NewTestListener.sampleBeforeTestSuite(NewTestListener.groovy:86)\r\n\tat NewTestListener.invokeMethod(NewTestListener.groovy)\r\n\tat com.kms.katalon.core.context.internal.TestHooker.invokeMethod(TestHooker.java:111)\r\n\tat com.kms.katalon.core.context.internal.TestHooker.lambda$3(TestHooker.java:95)\r\n\tat com.kms.katalon.core.context.internal.TestHooker.invokeContextMethods(TestHooker.java:94)\r\n\tat com.kms.katalon.core.context.internal.TestListenerCollector.lambda$3(TestListenerCollector.java:88)\r\n\tat com.kms.katalon.core.context.internal.TestListenerCollector.handleListenerEvent(TestListenerCollector.java:85)\r\n\tat com.kms.katalon.core.context.internal.ExecutionEventManager.publicEvent(ExecutionEventManager.java:36)\r\n\tat com.kms.katalon.core.main.TestSuiteExecutor.execute(TestSuiteExecutor.java:88)\r\n\tat com.kms.katalon.core.main.TestCaseMain.startTestSuite(TestCaseMain.java:157)\r\n\tat com.kms.katalon.core.main.TestCaseMain$startTestSuite$0.call(Unknown Source)\r\n\tat TempTestSuite1597844022215.run(TempTestSuite1597844022215.groovy:39)\r\n</message>
  <nestedLevel>0</nestedLevel>
  <property name="failed.exception.class">groovy.lang.MissingPropertyException</property>
  <property name="failed.exception.stacktrace">groovy.lang.MissingPropertyException: No such property: config for class: com.aventstack.extentreports.reporter.ExtentHtmlReporter\r\n\tat NewTestListener.sampleBeforeTestSuite(NewTestListener.groovy:86)\r\n\tat NewTestListener.invokeMethod(NewTestListener.groovy)\r\n\tat com.kms.katalon.core.context.internal.TestHooker.invokeMethod(TestHooker.java:111)\r\n\tat com.kms.katalon.core.context.internal.TestHooker.lambda$3(TestHooker.java:95)\r\n\tat com.kms.katalon.core.context.internal.TestHooker.invokeContextMethods(TestHooker.java:94)\r\n\tat com.kms.katalon.core.context.internal.TestListenerCollector.lambda$3(TestListenerCollector.java:88)\r\n\tat com.kms.katalon.core.context.internal.TestListenerCollector.handleListenerEvent(TestListenerCollector.java:85)\r\n\tat com.kms.katalon.core.context.internal.ExecutionEventManager.publicEvent(ExecutionEventManager.java:36)\r\n\tat com.kms.katalon.core.main.TestSuiteExecutor.execute(TestSuiteExecutor.java:88)\r\n\tat com.kms.katalon.core.main.TestCaseMain.startTestSuite(TestCaseMain.java:157)\r\n\tat com.kms.katalon.core.main.TestCaseMain$startTestSuite$0.call(Unknown Source)\r\n\tat TempTestSuite1597844022215.run(TempTestSuite1597844022215.groovy:39)\r\n</property>
  <property name="failed.exception.message">No such property: config for class: com.aventstack.extentreports.reporter.ExtentHtmlReporter</property>
</record>
<record>
  <date>2020-08-19T19:03:47</date>
  <millis>1597844027380</millis>
  <sequence>33</sequence>
  <level>END</level>
  <class>com.kms.katalon.core.logging.XmlKeywordLogger</class>
  <method>endKeyword</method>
  <thread>1</thread>
  <message>End action : DocumentTitle = \&amp;quot;Email Report\&amp;quot;</message>
  <nestedLevel>1</nestedLevel>
</record>
<record>
  <date>2020-08-19T19:03:47</date>
  <millis>1597844027380</millis>
  <sequence>34</sequence>
  <level>END</level>
  <class>com.kms.katalon.core.logging.XmlKeywordLogger</class>
  <method>endKeyword</method>
  <thread>1</thread>
  <message>End listener action : sampleBeforeTestSuite</message>
  <nestedLevel>0</nestedLevel>
</record>
<record>
  <date>2020-08-19T19:03:47</date>
  <millis>1597844027696</millis>
  <sequence>35</sequence>
  <level>START</level>
  <class>com.kms.katalon.core.logging.XmlKeywordLogger</class>
  <method>startTest</method>
  <thread>1</thread>
  <message>Start Test Case : Test Cases/Tc_Admin/TC_Login</message>
  <nestedLevel>1</nestedLevel>
  <property name="name">Test Cases/Tc_Admin/TC_Login</property>
  <property name="description"></property>
  <property name="id">Test Cases/Tc_Admin/TC_Login</property>
  <property name="source">C:\\Users\\Group10\\Desktop\\New folder (2)\\ProAcc_Automation_Latest\\ProAcc_Automation_Latest\\Test Cases\\Tc_Admin\\TC_Login.tc</property>
  <property name="tag"></property>
  <property name="isOptional">false</property>
</record>
<record>
  <date>2020-08-19T19:03:48</date>
  <millis>1597844028018</millis>
  <sequence>37</sequence>
  <level>START</level>
  <class>com.kms.katalon.core.logging.XmlKeywordLogger</class>
  <method>startKeyword</method>
  <thread>1</thread>
  <message>Start action : runWithCucumberRunner(testRunner.Login_Runner)</message>
  <nestedLevel>1</nestedLevel>
  <property name="startLine">20</property>
  <property name="stepIndex">1</property>
</record>
<record>
  <date>2020-08-19T19:03:49</date>
  <millis>1597844029747</millis>
  <sequence>39</sequence>
  <level>INFO</level>
  <class>com.kms.katalon.core.logging.XmlKeywordLogger</class>
  <method>logMessage</method>
  <thread>1</thread>
  <message>Starting &amp;apos;Chrome&amp;apos; driver</message>
  <nestedLevel>1</nestedLevel>
</record>
<record>
  <date>2020-08-19T19:03:49</date>
  <millis>1597844029777</millis>
  <sequence>41</sequence>
  <level>INFO</level>
  <class>com.kms.katalon.core.logging.XmlKeywordLogger</class>
  <method>logMessage</method>
  <thread>1</thread>
  <message>Action delay is set to 0 milliseconds</message>
  <nestedLevel>1</nestedLevel>
</record>
<record>
  <date>2020-08-19T19:03:53</date>
  <millis>1597844033751</millis>
  <sequence>43</sequence>
  <level>RUN_DATA</level>
  <class>com.kms.katalon.core.logging.XmlKeywordLogger</class>
  <method>logMessage</method>
  <thread>1</thread>
  <message>sessionId = 756b8ddf77d819354c9efbe974fa7b9f</message>
  <nestedLevel>1</nestedLevel>
  <property name="sessionId">756b8ddf77d819354c9efbe974fa7b9f</property>
</record>
<record>
  <date>2020-08-19T19:03:53</date>
  <millis>1597844033770</millis>
  <sequence>44</sequence>
  <level>RUN_DATA</level>
  <class>com.kms.katalon.core.logging.XmlKeywordLogger</class>
  <method>logMessage</method>
  <thread>1</thread>
  <message>browser = Chrome 84.0.4147.125</message>
  <nestedLevel>1</nestedLevel>
  <property name="browser">Chrome 84.0.4147.125</property>
</record>
<record>
  <date>2020-08-19T19:03:53</date>
  <millis>1597844033771</millis>
  <sequence>45</sequence>
  <level>RUN_DATA</level>
  <class>com.kms.katalon.core.logging.XmlKeywordLogger</class>
  <method>logMessage</method>
  <thread>1</thread>
  <message>platform = Windows 7</message>
  <nestedLevel>1</nestedLevel>
  <property name="platform">Windows 7</property>
</record>
<record>
  <date>2020-08-19T19:03:53</date>
  <millis>1597844033771</millis>
  <sequence>46</sequence>
  <level>RUN_DATA</level>
  <class>com.kms.katalon.core.logging.XmlKeywordLogger</class>
  <method>logMessage</method>
  <thread>1</thread>
  <message>seleniumVersion = 3.141.59</message>
  <nestedLevel>1</nestedLevel>
  <property name="seleniumVersion">3.141.59</property>
</record>
<record>
  <date>2020-08-19T19:03:53</date>
  <millis>1597844033773</millis>
  <sequence>47</sequence>
  <level>RUN_DATA</level>
  <class>com.kms.katalon.core.logging.XmlKeywordLogger</class>
  <method>logMessage</method>
  <thread>1</thread>
  <message>proxyInformation = ProxyInformation { proxyOption=NO_PROXY, proxyServerType=HTTP, username=, password=********, proxyServerAddress=, proxyServerPort=0, executionList=\&amp;quot;\&amp;quot;, isApplyToDesiredCapabilities=true }</message>
  <nestedLevel>1</nestedLevel>
  <property name="proxyInformation">ProxyInformation { proxyOption=NO_PROXY, proxyServerType=HTTP, username=, password=********, proxyServerAddress=, proxyServerPort=0, executionList=\&quot;\&quot;, isApplyToDesiredCapabilities=true }</property>
</record>
<record>
  <date>2020-08-19T19:03:53</date>
  <millis>1597844033780</millis>
  <sequence>48</sequence>
  <level>PASSED</level>
  <class>com.kms.katalon.core.logging.XmlKeywordLogger</class>
  <method>logMessage</method>
  <thread>1</thread>
  <message>Browser is opened with url: &amp;apos;&amp;apos;</message>
  <nestedLevel>1</nestedLevel>
</record>
<record>
  <date>2020-08-19T19:03:54</date>
  <millis>1597844034917</millis>
  <sequence>50</sequence>
  <level>PASSED</level>
  <class>com.kms.katalon.core.logging.XmlKeywordLogger</class>
  <method>logMessage</method>
  <thread>1</thread>
  <message>Current window maximized</message>
  <nestedLevel>1</nestedLevel>
</record>
<record>
  <date>2020-08-19T19:03:59</date>
  <millis>1597844039941</millis>
  <sequence>52</sequence>
  <level>PASSED</level>
  <class>com.kms.katalon.core.logging.XmlKeywordLogger</class>
  <method>logMessage</method>
  <thread>1</thread>
  <message>Delayed 5 second(s)</message>
  <nestedLevel>1</nestedLevel>
</record>
<record>
  <date>2020-08-19T19:04:07</date>
  <millis>1597844047382</millis>
  <sequence>55</sequence>
  <level>PASSED</level>
  <class>com.kms.katalon.core.logging.XmlKeywordLogger</class>
  <method>logMessage</method>
  <thread>1</thread>
  <message>Navigate to &amp;apos;http://123.176.34.15:4041/ProAccQA&amp;apos; successfully</message>
  <nestedLevel>1</nestedLevel>
</record>
<record>
  <date>2020-08-19T19:04:08</date>
  <millis>1597844048158</millis>
  <sequence>71</sequence>
  <level>PASSED</level>
  <class>com.kms.katalon.core.logging.XmlKeywordLogger</class>
  <method>logMessage</method>
  <thread>1</thread>
  <message>Text &amp;apos;Admin&amp;apos; is set on object &amp;apos;Object Repository/Pro_Acc_Login/input_Login_Username&amp;apos;</message>
  <nestedLevel>1</nestedLevel>
</record>
<record>
  <date>2020-08-19T19:04:08</date>
  <millis>1597844048832</millis>
  <sequence>87</sequence>
  <level>PASSED</level>
  <class>com.kms.katalon.core.logging.XmlKeywordLogger</class>
  <method>logMessage</method>
  <thread>1</thread>
  <message>Text &amp;apos;Admin&amp;apos; is set on object &amp;apos;Object Repository/Pro_Acc_Login/input_Login_Password&amp;apos;</message>
  <nestedLevel>1</nestedLevel>
</record>
<record>
  <date>2020-08-19T19:04:10</date>
  <millis>1597844050838</millis>
  <sequence>89</sequence>
  <level>PASSED</level>
  <class>com.kms.katalon.core.logging.XmlKeywordLogger</class>
  <method>logMessage</method>
  <thread>1</thread>
  <message>Delayed 2 second(s)</message>
  <nestedLevel>1</nestedLevel>
</record>
<record>
  <date>2020-08-19T19:04:25</date>
  <millis>1597844065620</millis>
  <sequence>98</sequence>
  <level>PASSED</level>
  <class>com.kms.katalon.core.logging.XmlKeywordLogger</class>
  <method>logMessage</method>
  <thread>1</thread>
  <message>Object: &amp;apos;Object Repository/Pro_Acc_Login/button_Login&amp;apos; is clicked on</message>
  <nestedLevel>1</nestedLevel>
</record>
<record>
  <date>2020-08-19T19:04:28</date>
  <millis>1597844068626</millis>
  <sequence>100</sequence>
  <level>PASSED</level>
  <class>com.kms.katalon.core.logging.XmlKeywordLogger</class>
  <method>logMessage</method>
  <thread>1</thread>
  <message>Delayed 3 second(s)</message>
  <nestedLevel>1</nestedLevel>
</record>
<record>
  <date>2020-08-19T19:04:29</date>
  <millis>1597844069077</millis>
  <sequence>104</sequence>
  <level>PASSED</level>
  <class>com.kms.katalon.core.logging.XmlKeywordLogger</class>
  <method>logMessage</method>
  <thread>1</thread>
  <message>Text &amp;apos;Dashboard&amp;apos; is present on page </message>
  <nestedLevel>1</nestedLevel>
</record>
<record>
  <date>2020-08-19T19:04:32</date>
  <millis>1597844072080</millis>
  <sequence>106</sequence>
  <level>PASSED</level>
  <class>com.kms.katalon.core.logging.XmlKeywordLogger</class>
  <method>logMessage</method>
  <thread>1</thread>
  <message>Delayed 3 second(s)</message>
  <nestedLevel>1</nestedLevel>
</record>
<record>
  <date>2020-08-19T19:04:32</date>
  <millis>1597844072260</millis>
  <sequence>107</sequence>
  <level>PASSED</level>
  <class>com.kms.katalon.core.logging.XmlKeywordLogger</class>
  <method>logMessage</method>
  <thread>1</thread>
  <message>Run with &amp;apos;testRunner.Login_Runner&amp;apos; was passed</message>
  <nestedLevel>1</nestedLevel>
</record>
<record>
  <date>2020-08-19T19:04:32</date>
  <millis>1597844072260</millis>
  <sequence>108</sequence>
  <level>END</level>
  <class>com.kms.katalon.core.logging.XmlKeywordLogger</class>
  <method>endKeyword</method>
  <thread>1</thread>
  <message>End action : runWithCucumberRunner(testRunner.Login_Runner)</message>
  <nestedLevel>1</nestedLevel>
</record>
<record>
  <date>2020-08-19T19:04:32</date>
  <millis>1597844072261</millis>
  <sequence>109</sequence>
  <level>PASSED</level>
  <class>com.kms.katalon.core.logging.XmlKeywordLogger</class>
  <method>logMessage</method>
  <thread>1</thread>
  <message>Test Cases/Tc_Admin/TC_Login</message>
  <nestedLevel>1</nestedLevel>
</record>
<record>
  <date>2020-08-19T19:04:32</date>
  <millis>1597844072262</millis>
  <sequence>110</sequence>
  <level>END</level>
  <class>com.kms.katalon.core.logging.XmlKeywordLogger</class>
  <method>endTest</method>
  <thread>1</thread>
  <message>End Test Case : Test Cases/Tc_Admin/TC_Login</message>
  <nestedLevel>0</nestedLevel>
</record>
<record>
  <date>2020-08-19T19:04:32</date>
  <millis>1597844072266</millis>
  <sequence>111</sequence>
  <level>START</level>
  <class>com.kms.katalon.core.logging.XmlKeywordLogger</class>
  <method>startKeyword</method>
  <thread>1</thread>
  <message>Start listener action : sampleAfterTestSuite</message>
  <nestedLevel>0</nestedLevel>
</record>
<record>
  <date>2020-08-19T19:04:32</date>
  <millis>1597844072267</millis>
  <sequence>113</sequence>
  <level>START</level>
  <class>com.kms.katalon.core.logging.XmlKeywordLogger</class>
  <method>startKeyword</method>
  <thread>1</thread>
  <message>Start action : extent.flush()</message>
  <nestedLevel>1</nestedLevel>
  <property name="startLine">108</property>
  <property name="stepIndex">1</property>
</record>
<record>
  <date>2020-08-19T19:04:32</date>
  <millis>1597844072270</millis>
  <sequence>115</sequence>
  <level>END</level>
  <class>com.kms.katalon.core.logging.XmlKeywordLogger</class>
  <method>endKeyword</method>
  <thread>1</thread>
  <message>End action : extent.flush()</message>
  <nestedLevel>1</nestedLevel>
</record>
<record>
  <date>2020-08-19T19:04:32</date>
  <millis>1597844072270</millis>
  <sequence>116</sequence>
  <level>END</level>
  <class>com.kms.katalon.core.logging.XmlKeywordLogger</class>
  <method>endKeyword</method>
  <thread>1</thread>
  <message>End listener action : sampleAfterTestSuite</message>
  <nestedLevel>0</nestedLevel>
</record>
<record>
  <date>2020-08-19T19:04:33</date>
  <millis>1597844073535</millis>
  <sequence>117</sequence>
  <level>END</level>
  <class>com.kms.katalon.core.logging.XmlKeywordLogger</class>
  <method>endSuite</method>
  <thread>1</thread>
  <message>End Test Suite : Test Suites/ProAcc_Suite</message>
  <nestedLevel>0</nestedLevel>
</record>
</log>
